13:01:19.639 INFO  [16],1,5584341,"2021-03-22T05:01:19.639Z" 
13:01:25.636 INFO  [16],3,5590341,"2021-03-22T05:01:25.636Z" 
13:01:28.578 INFO  [16],4,5593341,"2021-03-22T05:01:28.578Z" 
13:01:31.551 INFO  [16],5,5596341,"2021-03-22T05:01:31.551Z" 
13:01:34.607 INFO  [16],6,5599341,"2021-03-22T05:01:34.607Z" 
13:01:40.589 INFO  [16],8,5605341,"2021-03-22T05:01:40.589Z" 
13:01:49.633 INFO  [16],11,5614341,"2021-03-22T05:01:49.633Z" 
13:01:52.576 INFO  [16],12,5617341,"2021-03-22T05:01:52.576Z" 
13:01:58.551 INFO  [16],14,5623341,"2021-03-22T05:01:58.551Z" 
13:02:04.558 INFO  [16],16,5629341,"2021-03-22T05:02:04.558Z" 
13:02:07.625 INFO  [16],17,5632341,"2021-03-22T05:02:07.625Z" 
13:02:10.549 INFO  [16],18,5635341,"2021-03-22T05:02:10.549Z" 
13:02:13.558 INFO  [16],19,5638341,"2021-03-22T05:02:13.558Z" 
13:02:16.550 INFO  [16],20,5641341,"2021-03-22T05:02:16.550Z" 
13:02:25.570 INFO  [16],23,5650341,"2021-03-22T05:02:25.570Z" 
13:02:40.611 INFO  [16],28,5665341,"2021-03-22T05:02:40.611Z" 
13:02:55.617 INFO  [16],33,5680341,"2021-03-22T05:02:55.617Z" 
13:03:16.575 INFO  [16],40,5701341,"2021-03-22T05:03:16.575Z" 
13:03:22.552 INFO  [16],42,5707341,"2021-03-22T05:03:22.552Z" 
13:03:28.579 INFO  [16],44,5713341,"2021-03-22T05:03:28.579Z" 
13:03:31.611 INFO  [16],45,5716341,"2021-03-22T05:03:31.611Z" 
13:03:46.591 INFO  [16],50,5731341,"2021-03-22T05:03:46.591Z" 
13:03:58.602 INFO  [16],54,5743341,"2021-03-22T05:03:58.602Z" 
13:04:01.607 INFO  [16],55,5746341,"2021-03-22T05:04:01.607Z" 
13:04:04.551 INFO  [16],56,5749341,"2021-03-22T05:04:04.551Z" 
13:04:10.633 INFO  [16],58,5755341,"2021-03-22T05:04:10.633Z" 
13:04:19.560 INFO  [16],61,5764341,"2021-03-22T05:04:19.560Z" 
13:04:22.551 INFO  [16],62,5767341,"2021-03-22T05:04:22.551Z" 
13:04:25.578 INFO  [16],63,5770341,"2021-03-22T05:04:25.578Z" 
13:04:28.574 INFO  [16],64,5773341,"2021-03-22T05:04:28.574Z" 
13:04:31.609 INFO  [16],65,5776341,"2021-03-22T05:04:31.609Z" 
13:04:34.550 INFO  [16],66,5779341,"2021-03-22T05:04:34.550Z" 
13:04:55.583 INFO  [16],73,5800341,"2021-03-22T05:04:55.583Z" 
13:04:58.572 INFO  [16],74,5803341,"2021-03-22T05:04:58.572Z" 
13:05:07.618 INFO  [16],77,5812341,"2021-03-22T05:05:07.618Z" 
13:05:55.570 INFO  [16],93,5860341,"2021-03-22T05:05:55.570Z" 
13:06:04.577 INFO  [16],96,5869341,"2021-03-22T05:06:04.577Z" 
13:06:13.629 INFO  [16],99,5878341,"2021-03-22T05:06:13.629Z" 
