12:55:00.963 INFO  [8],0,5206293,"2021-03-22T04:55:00.963Z" 
12:55:03.966 INFO  [8],1,5209291,"2021-03-22T04:55:03.966Z" 
12:55:06.981 INFO  [8],2,5212291,"2021-03-22T04:55:06.981Z" 
12:55:10.015 INFO  [8],3,5215291,"2021-03-22T04:55:10.015Z" 
12:55:12.962 INFO  [8],4,5218291,"2021-03-22T04:55:12.962Z" 
12:55:15.977 INFO  [8],5,5221291,"2021-03-22T04:55:15.977Z" 
12:55:25.007 INFO  [8],8,5230291,"2021-03-22T04:55:25.007Z" 
12:55:27.953 INFO  [8],9,5233291,"2021-03-22T04:55:27.953Z" 
12:55:30.961 INFO  [8],10,5236291,"2021-03-22T04:55:30.961Z" 
12:55:33.986 INFO  [8],11,5239291,"2021-03-22T04:55:33.986Z" 
12:55:36.965 INFO  [8],12,5242291,"2021-03-22T04:55:36.965Z" 
12:55:42.953 INFO  [8],14,5248291,"2021-03-22T04:55:42.953Z" 
12:55:46.003 INFO  [8],15,5251291,"2021-03-22T04:55:46.003Z" 
12:55:49.020 INFO  [8],16,5254291,"2021-03-22T04:55:49.020Z" 
12:55:51.956 INFO  [8],17,5257291,"2021-03-22T04:55:51.956Z" 
12:55:57.956 INFO  [8],19,5263291,"2021-03-22T04:55:57.956Z" 
12:56:00.986 INFO  [8],20,5266291,"2021-03-22T04:56:00.986Z" 
12:56:04.007 INFO  [8],21,5269291,"2021-03-22T04:56:04.007Z" 
12:56:09.974 INFO  [8],23,5275291,"2021-03-22T04:56:09.974Z" 
12:56:12.955 INFO  [8],24,5278291,"2021-03-22T04:56:12.955Z" 
12:56:15.961 INFO  [8],25,5281291,"2021-03-22T04:56:15.961Z" 
12:56:18.969 INFO  [8],26,5284291,"2021-03-22T04:56:18.969Z" 
12:56:25.031 INFO  [8],28,5290291,"2021-03-22T04:56:25.031Z" 
12:56:27.962 INFO  [8],29,5293291,"2021-03-22T04:56:27.962Z" 
12:56:30.970 INFO  [8],30,5296291,"2021-03-22T04:56:30.970Z" 
12:56:34.005 INFO  [8],31,5299291,"2021-03-22T04:56:34.005Z" 
12:56:36.977 INFO  [8],32,5302291,"2021-03-22T04:56:36.977Z" 
12:56:40.002 INFO  [8],33,5305291,"2021-03-22T04:56:40.002Z" 
12:56:42.978 INFO  [8],34,5308291,"2021-03-22T04:56:42.978Z" 
12:56:45.981 INFO  [8],35,5311291,"2021-03-22T04:56:45.981Z" 
12:56:48.984 INFO  [8],36,5314291,"2021-03-22T04:56:48.984Z" 
12:56:51.998 INFO  [8],37,5317291,"2021-03-22T04:56:51.998Z" 
12:56:54.953 INFO  [8],38,5320291,"2021-03-22T04:56:54.953Z" 
12:56:57.961 INFO  [8],39,5323291,"2021-03-22T04:56:57.961Z" 
12:57:01.001 INFO  [8],40,5326292,"2021-03-22T04:57:01.001Z" 
12:57:10.008 INFO  [8],43,5335291,"2021-03-22T04:57:10.008Z" 
12:57:15.977 INFO  [8],45,5341291,"2021-03-22T04:57:15.977Z" 
12:57:18.978 INFO  [8],46,5344291,"2021-03-22T04:57:18.978Z" 
12:57:24.979 INFO  [8],48,5350292,"2021-03-22T04:57:24.979Z" 
12:57:27.992 INFO  [8],49,5353291,"2021-03-22T04:57:27.992Z" 
12:57:36.986 INFO  [8],52,5362291,"2021-03-22T04:57:36.986Z" 
12:57:39.964 INFO  [8],53,5365292,"2021-03-22T04:57:39.964Z" 
12:57:46.008 INFO  [8],55,5371291,"2021-03-22T04:57:46.008Z" 
12:57:49.096 INFO  [8],56,5374291,"2021-03-22T04:57:49.096Z" 
12:57:54.958 INFO  [8],58,5380291,"2021-03-22T04:57:54.958Z" 
12:58:03.981 INFO  [8],61,5389291,"2021-03-22T04:58:03.981Z" 
12:58:09.979 INFO  [8],63,5395291,"2021-03-22T04:58:09.979Z" 
12:58:13.017 INFO  [8],64,5398291,"2021-03-22T04:58:13.017Z" 
12:58:15.963 INFO  [8],65,5401292,"2021-03-22T04:58:15.963Z" 
12:58:18.985 INFO  [8],66,5404291,"2021-03-22T04:58:18.984Z" 
12:58:21.963 INFO  [8],67,5407291,"2021-03-22T04:58:21.963Z" 
12:58:24.967 INFO  [8],68,5410291,"2021-03-22T04:58:24.967Z" 
12:58:33.979 INFO  [8],71,5419291,"2021-03-22T04:58:33.979Z" 
12:58:36.982 INFO  [8],72,5422291,"2021-03-22T04:58:36.982Z" 
12:58:40.000 INFO  [8],73,5425291,"2021-03-22T04:58:40.000Z" 
12:58:43.001 INFO  [8],74,5428291,"2021-03-22T04:58:43.001Z" 
12:58:48.957 INFO  [8],76,5434291,"2021-03-22T04:58:48.957Z" 
12:59:06.955 INFO  [8],82,5452291,"2021-03-22T04:59:06.955Z" 
12:59:09.962 INFO  [8],83,5455291,"2021-03-22T04:59:09.962Z" 
12:59:12.975 INFO  [8],84,5458291,"2021-03-22T04:59:12.975Z" 
12:59:16.031 INFO  [8],85,5461291,"2021-03-22T04:59:16.031Z" 
12:59:22.004 INFO  [8],87,5467291,"2021-03-22T04:59:22.004Z" 
12:59:24.990 INFO  [8],88,5470291,"2021-03-22T04:59:24.990Z" 
12:59:31.010 INFO  [8],90,5476291,"2021-03-22T04:59:31.010Z" 
12:59:37.008 INFO  [8],92,5482291,"2021-03-22T04:59:37.008Z" 
12:59:39.980 INFO  [8],93,5485291,"2021-03-22T04:59:39.980Z" 
12:59:48.996 INFO  [8],96,5494291,"2021-03-22T04:59:48.996Z" 
13:00:02.505 INFO  [8],99,5503291,"2021-03-22T05:00:02.505Z" 
