11:48:15.375 INFO  [2],0,1201092,"2021-03-22T03:48:15.375Z" 
11:48:18.374 INFO  [2],1,1204091,"2021-03-22T03:48:18.374Z" 
11:48:21.429 INFO  [2],2,1207091,"2021-03-22T03:48:21.429Z" 
11:48:24.378 INFO  [2],3,1210091,"2021-03-22T03:48:24.378Z" 
11:48:27.374 INFO  [2],4,1213091,"2021-03-22T03:48:27.374Z" 
11:48:30.404 INFO  [2],5,1216091,"2021-03-22T03:48:30.404Z" 
11:48:33.370 INFO  [2],6,1219091,"2021-03-22T03:48:33.370Z" 
11:48:36.371 INFO  [2],7,1222091,"2021-03-22T03:48:36.371Z" 
11:48:39.416 INFO  [2],8,1225091,"2021-03-22T03:48:39.416Z" 
11:48:42.410 INFO  [2],9,1228091,"2021-03-22T03:48:42.410Z" 
11:48:48.377 INFO  [2],11,1234091,"2021-03-22T03:48:48.377Z" 
11:48:51.372 INFO  [2],12,1237091,"2021-03-22T03:48:51.372Z" 
11:48:54.399 INFO  [2],13,1240091,"2021-03-22T03:48:54.399Z" 
11:48:57.373 INFO  [2],14,1243091,"2021-03-22T03:48:57.373Z" 
11:49:00.370 INFO  [2],15,1246091,"2021-03-22T03:49:00.370Z" 
11:49:03.370 INFO  [2],16,1249091,"2021-03-22T03:49:03.370Z" 
11:49:06.431 INFO  [2],17,1252091,"2021-03-22T03:49:06.431Z" 
11:49:09.371 INFO  [2],18,1255091,"2021-03-22T03:49:09.371Z" 
11:49:12.372 INFO  [2],19,1258091,"2021-03-22T03:49:12.372Z" 
11:49:15.419 INFO  [2],20,1261091,"2021-03-22T03:49:15.419Z" 
11:49:18.463 INFO  [2],21,1264091,"2021-03-22T03:49:18.463Z" 
11:49:21.372 INFO  [2],22,1267091,"2021-03-22T03:49:21.372Z" 
11:49:24.420 INFO  [2],23,1270091,"2021-03-22T03:49:24.420Z" 
11:49:27.443 INFO  [2],24,1273091,"2021-03-22T03:49:27.443Z" 
11:49:30.372 INFO  [2],25,1276091,"2021-03-22T03:49:30.372Z" 
11:49:36.382 INFO  [2],27,1282091,"2021-03-22T03:49:36.382Z" 
11:49:39.401 INFO  [2],28,1285091,"2021-03-22T03:49:39.401Z" 
11:49:42.427 INFO  [2],29,1288091,"2021-03-22T03:49:42.427Z" 
11:49:45.430 INFO  [2],30,1291091,"2021-03-22T03:49:45.430Z" 
11:49:48.401 INFO  [2],31,1294091,"2021-03-22T03:49:48.401Z" 
11:49:51.373 INFO  [2],32,1297091,"2021-03-22T03:49:51.373Z" 
11:49:54.371 INFO  [2],33,1300091,"2021-03-22T03:49:54.371Z" 
11:49:57.437 INFO  [2],34,1303091,"2021-03-22T03:49:57.437Z" 
11:50:00.378 INFO  [2],35,1306091,"2021-03-22T03:50:00.378Z" 
11:50:03.437 INFO  [2],36,1309091,"2021-03-22T03:50:03.437Z" 
11:50:06.372 INFO  [2],37,1312091,"2021-03-22T03:50:06.372Z" 
11:50:09.440 INFO  [2],38,1315091,"2021-03-22T03:50:09.440Z" 
11:50:12.370 INFO  [2],39,1318091,"2021-03-22T03:50:12.370Z" 
11:50:15.372 INFO  [2],40,1321091,"2021-03-22T03:50:15.372Z" 
11:50:18.372 INFO  [2],41,1324091,"2021-03-22T03:50:18.372Z" 
11:50:21.375 INFO  [2],42,1327091,"2021-03-22T03:50:21.374Z" 
11:50:24.371 INFO  [2],43,1330091,"2021-03-22T03:50:24.371Z" 
11:50:27.399 INFO  [2],44,1333091,"2021-03-22T03:50:27.399Z" 
11:50:30.370 INFO  [2],45,1336091,"2021-03-22T03:50:30.370Z" 
11:50:33.380 INFO  [2],46,1339091,"2021-03-22T03:50:33.380Z" 
11:50:36.396 INFO  [2],47,1342091,"2021-03-22T03:50:36.396Z" 
11:50:39.370 INFO  [2],48,1345091,"2021-03-22T03:50:39.370Z" 
11:50:42.417 INFO  [2],49,1348091,"2021-03-22T03:50:42.417Z" 
11:50:45.378 INFO  [2],50,1351091,"2021-03-22T03:50:45.378Z" 
11:50:48.370 INFO  [2],51,1354091,"2021-03-22T03:50:48.370Z" 
11:50:51.398 INFO  [2],52,1357091,"2021-03-22T03:50:51.398Z" 
11:50:54.372 INFO  [2],53,1360091,"2021-03-22T03:50:54.372Z" 
11:50:57.375 INFO  [2],54,1363091,"2021-03-22T03:50:57.375Z" 
11:51:00.373 INFO  [2],55,1366091,"2021-03-22T03:51:00.373Z" 
11:51:03.393 INFO  [2],56,1369091,"2021-03-22T03:51:03.393Z" 
11:51:06.373 INFO  [2],57,1372091,"2021-03-22T03:51:06.373Z" 
11:51:09.370 INFO  [2],58,1375091,"2021-03-22T03:51:09.370Z" 
11:51:12.372 INFO  [2],59,1378091,"2021-03-22T03:51:12.372Z" 
11:51:15.425 INFO  [2],60,1381091,"2021-03-22T03:51:15.425Z" 
11:51:18.372 INFO  [2],61,1384091,"2021-03-22T03:51:18.372Z" 
11:51:21.371 INFO  [2],62,1387091,"2021-03-22T03:51:21.371Z" 
11:51:24.372 INFO  [2],63,1390091,"2021-03-22T03:51:24.372Z" 
11:51:27.375 INFO  [2],64,1393091,"2021-03-22T03:51:27.375Z" 
11:51:30.402 INFO  [2],65,1396091,"2021-03-22T03:51:30.402Z" 
11:51:33.450 INFO  [2],66,1399091,"2021-03-22T03:51:33.450Z" 
11:51:36.371 INFO  [2],67,1402091,"2021-03-22T03:51:36.371Z" 
11:51:39.372 INFO  [2],68,1405091,"2021-03-22T03:51:39.372Z" 
11:51:42.375 INFO  [2],69,1408091,"2021-03-22T03:51:42.375Z" 
11:51:45.427 INFO  [2],70,1411091,"2021-03-22T03:51:45.427Z" 
11:51:48.438 INFO  [2],71,1414091,"2021-03-22T03:51:48.438Z" 
11:51:51.376 INFO  [2],72,1417091,"2021-03-22T03:51:51.376Z" 
11:51:54.371 INFO  [2],73,1420091,"2021-03-22T03:51:54.371Z" 
11:51:57.401 INFO  [2],74,1423091,"2021-03-22T03:51:57.401Z" 
11:52:00.506 INFO  [2],75,1426091,"2021-03-22T03:52:00.506Z" 
11:52:03.370 INFO  [2],76,1429091,"2021-03-22T03:52:03.370Z" 
11:52:06.371 INFO  [2],77,1432091,"2021-03-22T03:52:06.371Z" 
11:52:09.378 INFO  [2],78,1435091,"2021-03-22T03:52:09.378Z" 
11:52:12.371 INFO  [2],79,1438091,"2021-03-22T03:52:12.371Z" 
11:52:15.375 INFO  [2],80,1441091,"2021-03-22T03:52:15.375Z" 
11:52:18.371 INFO  [2],81,1444091,"2021-03-22T03:52:18.371Z" 
11:52:21.372 INFO  [2],82,1447091,"2021-03-22T03:52:21.372Z" 
11:52:24.371 INFO  [2],83,1450091,"2021-03-22T03:52:24.371Z" 
11:52:27.370 INFO  [2],84,1453091,"2021-03-22T03:52:27.370Z" 
11:52:30.394 INFO  [2],85,1456091,"2021-03-22T03:52:30.394Z" 
11:52:33.377 INFO  [2],86,1459091,"2021-03-22T03:52:33.377Z" 
11:52:36.371 INFO  [2],87,1462091,"2021-03-22T03:52:36.371Z" 
11:52:39.404 INFO  [2],88,1465091,"2021-03-22T03:52:39.404Z" 
11:52:42.396 INFO  [2],89,1468091,"2021-03-22T03:52:42.396Z" 
11:52:45.376 INFO  [2],90,1471091,"2021-03-22T03:52:45.376Z" 
11:52:48.402 INFO  [2],91,1474091,"2021-03-22T03:52:48.402Z" 
11:52:51.404 INFO  [2],92,1477091,"2021-03-22T03:52:51.404Z" 
11:52:54.420 INFO  [2],93,1480091,"2021-03-22T03:52:54.420Z" 
11:52:57.395 INFO  [2],94,1483091,"2021-03-22T03:52:57.395Z" 
11:53:00.402 INFO  [2],95,1486091,"2021-03-22T03:53:00.402Z" 
11:53:03.376 INFO  [2],96,1489091,"2021-03-22T03:53:03.376Z" 
11:53:06.373 INFO  [2],97,1492091,"2021-03-22T03:53:06.373Z" 
11:53:09.369 INFO  [2],98,1495091,"2021-03-22T03:53:09.369Z" 
11:53:12.371 INFO  [2],99,1498091,"2021-03-22T03:53:12.371Z" 
