11:54:09.311 INFO  [4],0,1554854,"2021-03-22T03:54:09.311Z" 
11:54:12.318 INFO  [4],1,1557851,"2021-03-22T03:54:12.318Z" 
11:54:15.311 INFO  [4],2,1560851,"2021-03-22T03:54:15.311Z" 
11:54:18.381 INFO  [4],3,1563851,"2021-03-22T03:54:18.381Z" 
11:54:21.316 INFO  [4],4,1566851,"2021-03-22T03:54:21.316Z" 
11:54:24.312 INFO  [4],5,1569851,"2021-03-22T03:54:24.312Z" 
11:54:27.396 INFO  [4],6,1572851,"2021-03-22T03:54:27.396Z" 
11:54:30.312 INFO  [4],7,1575851,"2021-03-22T03:54:30.312Z" 
11:54:33.316 INFO  [4],8,1578851,"2021-03-22T03:54:33.315Z" 
11:54:36.312 INFO  [4],9,1581851,"2021-03-22T03:54:36.312Z" 
11:54:39.336 INFO  [4],10,1584851,"2021-03-22T03:54:39.336Z" 
11:54:45.311 INFO  [4],12,1590851,"2021-03-22T03:54:45.311Z" 
11:54:48.332 INFO  [4],13,1593851,"2021-03-22T03:54:48.332Z" 
11:54:51.317 INFO  [4],14,1596851,"2021-03-22T03:54:51.317Z" 
11:54:54.312 INFO  [4],15,1599851,"2021-03-22T03:54:54.312Z" 
11:54:57.317 INFO  [4],16,1602851,"2021-03-22T03:54:57.317Z" 
11:55:00.311 INFO  [4],17,1605851,"2021-03-22T03:55:00.311Z" 
11:55:03.311 INFO  [4],18,1608851,"2021-03-22T03:55:03.311Z" 
11:55:06.319 INFO  [4],19,1611851,"2021-03-22T03:55:06.319Z" 
11:55:09.359 INFO  [4],20,1614851,"2021-03-22T03:55:09.359Z" 
11:55:12.313 INFO  [4],21,1617851,"2021-03-22T03:55:12.313Z" 
11:55:15.315 INFO  [4],22,1620851,"2021-03-22T03:55:15.315Z" 
11:55:18.312 INFO  [4],23,1623851,"2021-03-22T03:55:18.312Z" 
11:55:21.318 INFO  [4],24,1626851,"2021-03-22T03:55:21.318Z" 
11:55:24.311 INFO  [4],25,1629851,"2021-03-22T03:55:24.311Z" 
11:55:27.312 INFO  [4],26,1632851,"2021-03-22T03:55:27.312Z" 
11:55:30.316 INFO  [4],27,1635851,"2021-03-22T03:55:30.316Z" 
11:55:33.338 INFO  [4],28,1638851,"2021-03-22T03:55:33.338Z" 
11:55:39.313 INFO  [4],30,1644851,"2021-03-22T03:55:39.313Z" 
11:55:42.311 INFO  [4],31,1647851,"2021-03-22T03:55:42.311Z" 
11:55:45.338 INFO  [4],32,1650852,"2021-03-22T03:55:45.338Z" 
11:55:48.320 INFO  [4],33,1653851,"2021-03-22T03:55:48.320Z" 
11:55:51.338 INFO  [4],34,1656851,"2021-03-22T03:55:51.338Z" 
11:56:00.313 INFO  [4],37,1665851,"2021-03-22T03:56:00.313Z" 
11:56:03.312 INFO  [4],38,1668851,"2021-03-22T03:56:03.312Z" 
11:56:06.311 INFO  [4],39,1671851,"2021-03-22T03:56:06.311Z" 
11:56:12.319 INFO  [4],41,1677851,"2021-03-22T03:56:12.319Z" 
11:56:15.339 INFO  [4],42,1680851,"2021-03-22T03:56:15.339Z" 
11:56:18.312 INFO  [4],43,1683851,"2021-03-22T03:56:18.312Z" 
11:56:21.312 INFO  [4],44,1686851,"2021-03-22T03:56:21.312Z" 
11:56:24.399 INFO  [4],45,1689851,"2021-03-22T03:56:24.399Z" 
11:56:27.318 INFO  [4],46,1692851,"2021-03-22T03:56:27.318Z" 
11:56:30.387 INFO  [4],47,1695851,"2021-03-22T03:56:30.387Z" 
11:56:33.332 INFO  [4],48,1698851,"2021-03-22T03:56:33.332Z" 
11:56:36.359 INFO  [4],49,1701851,"2021-03-22T03:56:36.359Z" 
11:56:39.310 INFO  [4],50,1704851,"2021-03-22T03:56:39.310Z" 
11:56:42.316 INFO  [4],51,1707851,"2021-03-22T03:56:42.316Z" 
11:56:45.311 INFO  [4],52,1710851,"2021-03-22T03:56:45.311Z" 
11:56:48.312 INFO  [4],53,1713851,"2021-03-22T03:56:48.312Z" 
11:56:51.311 INFO  [4],54,1716851,"2021-03-22T03:56:51.311Z" 
11:56:54.313 INFO  [4],55,1719851,"2021-03-22T03:56:54.313Z" 
11:56:57.332 INFO  [4],56,1722851,"2021-03-22T03:56:57.332Z" 
11:57:00.311 INFO  [4],57,1725851,"2021-03-22T03:57:00.311Z" 
11:57:03.312 INFO  [4],58,1728851,"2021-03-22T03:57:03.312Z" 
11:57:06.316 INFO  [4],59,1731851,"2021-03-22T03:57:06.316Z" 
11:57:12.311 INFO  [4],61,1737851,"2021-03-22T03:57:12.311Z" 
11:57:15.311 INFO  [4],62,1740851,"2021-03-22T03:57:15.311Z" 
11:57:18.407 INFO  [4],63,1743851,"2021-03-22T03:57:18.407Z" 
11:57:24.311 INFO  [4],65,1749851,"2021-03-22T03:57:24.311Z" 
11:57:27.318 INFO  [4],66,1752851,"2021-03-22T03:57:27.318Z" 
11:57:30.340 INFO  [4],67,1755851,"2021-03-22T03:57:30.339Z" 
11:57:33.340 INFO  [4],68,1758851,"2021-03-22T03:57:33.340Z" 
11:57:36.313 INFO  [4],69,1761851,"2021-03-22T03:57:36.313Z" 
11:57:39.334 INFO  [4],70,1764851,"2021-03-22T03:57:39.334Z" 
11:57:42.312 INFO  [4],71,1767851,"2021-03-22T03:57:42.312Z" 
11:57:45.312 INFO  [4],72,1770851,"2021-03-22T03:57:45.312Z" 
11:57:51.311 INFO  [4],74,1776851,"2021-03-22T03:57:51.311Z" 
11:57:54.313 INFO  [4],75,1779851,"2021-03-22T03:57:54.313Z" 
11:57:57.339 INFO  [4],76,1782851,"2021-03-22T03:57:57.339Z" 
11:58:00.314 INFO  [4],77,1785851,"2021-03-22T03:58:00.314Z" 
11:58:03.310 INFO  [4],78,1788851,"2021-03-22T03:58:03.310Z" 
11:58:06.368 INFO  [4],79,1791851,"2021-03-22T03:58:06.368Z" 
11:58:09.313 INFO  [4],80,1794851,"2021-03-22T03:58:09.313Z" 
11:58:12.311 INFO  [4],81,1797851,"2021-03-22T03:58:12.311Z" 
11:58:15.346 INFO  [4],82,1800851,"2021-03-22T03:58:15.346Z" 
11:58:18.311 INFO  [4],83,1803851,"2021-03-22T03:58:18.311Z" 
11:58:24.311 INFO  [4],85,1809851,"2021-03-22T03:58:24.311Z" 
11:58:30.316 INFO  [4],87,1815851,"2021-03-22T03:58:30.316Z" 
11:58:33.360 INFO  [4],88,1818851,"2021-03-22T03:58:33.360Z" 
11:58:36.325 INFO  [4],89,1821851,"2021-03-22T03:58:36.325Z" 
11:58:39.321 INFO  [4],90,1824851,"2021-03-22T03:58:39.321Z" 
11:58:42.311 INFO  [4],91,1827851,"2021-03-22T03:58:42.311Z" 
11:58:45.333 INFO  [4],92,1830851,"2021-03-22T03:58:45.333Z" 
11:58:48.350 INFO  [4],93,1833851,"2021-03-22T03:58:48.350Z" 
11:58:51.312 INFO  [4],94,1836851,"2021-03-22T03:58:51.312Z" 
11:58:57.363 INFO  [4],96,1842851,"2021-03-22T03:58:57.363Z" 
11:59:00.311 INFO  [4],97,1845851,"2021-03-22T03:59:00.311Z" 
11:59:03.310 INFO  [4],98,1848851,"2021-03-22T03:59:03.310Z" 
11:59:06.312 INFO  [4],99,1851851,"2021-03-22T03:59:06.312Z" 
