12:31:16.602 INFO  [8],1,3781881,"2021-03-22T04:31:16.602Z" 
12:31:19.554 INFO  [8],2,3784881,"2021-03-22T04:31:19.554Z" 
12:31:22.588 INFO  [8],3,3787881,"2021-03-22T04:31:22.588Z" 
12:31:28.622 INFO  [8],5,3793881,"2021-03-22T04:31:28.622Z" 
12:31:34.568 INFO  [8],7,3799881,"2021-03-22T04:31:34.568Z" 
12:31:37.534 INFO  [8],8,3802881,"2021-03-22T04:31:37.534Z" 
12:31:40.550 INFO  [8],9,3805881,"2021-03-22T04:31:40.550Z" 
12:31:43.593 INFO  [8],10,3808881,"2021-03-22T04:31:43.593Z" 
12:31:46.587 INFO  [8],11,3811881,"2021-03-22T04:31:46.587Z" 
12:31:52.551 INFO  [8],13,3817881,"2021-03-22T04:31:52.551Z" 
12:31:55.534 INFO  [8],14,3820881,"2021-03-22T04:31:55.534Z" 
12:31:58.620 INFO  [8],15,3823881,"2021-03-22T04:31:58.620Z" 
12:32:10.614 INFO  [8],19,3835881,"2021-03-22T04:32:10.614Z" 
12:32:16.587 INFO  [8],21,3841881,"2021-03-22T04:32:16.587Z" 
12:32:19.533 INFO  [8],22,3844881,"2021-03-22T04:32:19.533Z" 
12:32:25.607 INFO  [8],24,3850881,"2021-03-22T04:32:25.607Z" 
12:32:31.537 INFO  [8],26,3856881,"2021-03-22T04:32:31.537Z" 
12:32:40.529 INFO  [8],29,3865881,"2021-03-22T04:32:40.529Z" 
12:32:46.589 INFO  [8],31,3871881,"2021-03-22T04:32:46.589Z" 
12:32:49.531 INFO  [8],32,3874881,"2021-03-22T04:32:49.531Z" 
12:32:55.534 INFO  [8],34,3880881,"2021-03-22T04:32:55.534Z" 
12:32:58.531 INFO  [8],35,3883881,"2021-03-22T04:32:58.531Z" 
12:33:10.615 INFO  [8],39,3895881,"2021-03-22T04:33:10.615Z" 
12:33:19.532 INFO  [8],42,3904881,"2021-03-22T04:33:19.532Z" 
12:33:28.551 INFO  [8],45,3913881,"2021-03-22T04:33:28.551Z" 
12:33:31.591 INFO  [8],46,3916881,"2021-03-22T04:33:31.591Z" 
12:33:34.552 INFO  [8],47,3919881,"2021-03-22T04:33:34.552Z" 
12:33:40.590 INFO  [8],49,3925881,"2021-03-22T04:33:40.590Z" 
12:33:43.534 INFO  [8],50,3928881,"2021-03-22T04:33:43.534Z" 
12:33:46.534 INFO  [8],51,3931881,"2021-03-22T04:33:46.534Z" 
12:33:58.580 INFO  [8],55,3943881,"2021-03-22T04:33:58.580Z" 
12:34:01.580 INFO  [8],56,3946881,"2021-03-22T04:34:01.580Z" 
12:34:07.554 INFO  [8],58,3952881,"2021-03-22T04:34:07.554Z" 
12:34:10.614 INFO  [8],59,3955881,"2021-03-22T04:34:10.614Z" 
12:34:16.529 INFO  [8],61,3961881,"2021-03-22T04:34:16.529Z" 
12:34:19.608 INFO  [8],62,3964881,"2021-03-22T04:34:19.608Z" 
12:34:28.589 INFO  [8],65,3973881,"2021-03-22T04:34:28.589Z" 
12:34:34.529 INFO  [8],67,3979881,"2021-03-22T04:34:34.529Z" 
12:34:37.553 INFO  [8],68,3982881,"2021-03-22T04:34:37.553Z" 
12:34:40.576 INFO  [8],69,3985881,"2021-03-22T04:34:40.576Z" 
12:34:43.537 INFO  [8],70,3988881,"2021-03-22T04:34:43.537Z" 
12:34:46.537 INFO  [8],71,3991881,"2021-03-22T04:34:46.537Z" 
12:34:49.533 INFO  [8],72,3994881,"2021-03-22T04:34:49.533Z" 
12:34:52.559 INFO  [8],73,3997881,"2021-03-22T04:34:52.559Z" 
12:34:58.531 INFO  [8],75,4003881,"2021-03-22T04:34:58.531Z" 
12:35:01.529 INFO  [8],76,4006881,"2021-03-22T04:35:01.529Z" 
12:35:07.565 INFO  [8],78,4012881,"2021-03-22T04:35:07.565Z" 
12:35:10.529 INFO  [8],79,4015881,"2021-03-22T04:35:10.529Z" 
12:35:13.529 INFO  [8],80,4018881,"2021-03-22T04:35:13.529Z" 
12:35:16.573 INFO  [8],81,4021881,"2021-03-22T04:35:16.573Z" 
12:35:19.531 INFO  [8],82,4024881,"2021-03-22T04:35:19.531Z" 
12:35:25.536 INFO  [8],84,4030881,"2021-03-22T04:35:25.536Z" 
12:35:31.560 INFO  [8],86,4036881,"2021-03-22T04:35:31.560Z" 
12:35:34.531 INFO  [8],87,4039881,"2021-03-22T04:35:34.531Z" 
12:35:40.534 INFO  [8],89,4045881,"2021-03-22T04:35:40.534Z" 
12:35:43.552 INFO  [8],90,4048881,"2021-03-22T04:35:43.552Z" 
12:35:46.533 INFO  [8],91,4051881,"2021-03-22T04:35:46.533Z" 
12:35:52.555 INFO  [8],93,4057881,"2021-03-22T04:35:52.555Z" 
12:36:01.616 INFO  [8],96,4066881,"2021-03-22T04:36:01.616Z" 
12:36:04.552 INFO  [8],97,4069881,"2021-03-22T04:36:04.552Z" 
12:36:10.536 INFO  [8],99,4075881,"2021-03-22T04:36:10.536Z" 
