12:19:41.062 INFO  [2],0,3086744,"2021-03-22T04:19:41.062Z" 
12:19:44.029 INFO  [2],1,3089741,"2021-03-22T04:19:44.029Z" 
12:19:50.033 INFO  [2],3,3095741,"2021-03-22T04:19:50.033Z" 
12:19:56.028 INFO  [2],5,3101741,"2021-03-22T04:19:56.028Z" 
12:19:59.115 INFO  [2],6,3104741,"2021-03-22T04:19:59.115Z" 
12:20:02.087 INFO  [2],7,3107741,"2021-03-22T04:20:02.087Z" 
12:20:08.116 INFO  [2],9,3113741,"2021-03-22T04:20:08.116Z" 
12:20:11.088 INFO  [2],10,3116741,"2021-03-22T04:20:11.088Z" 
12:20:14.028 INFO  [2],11,3119741,"2021-03-22T04:20:14.027Z" 
12:20:17.060 INFO  [2],12,3122741,"2021-03-22T04:20:17.060Z" 
12:20:20.089 INFO  [2],13,3125741,"2021-03-22T04:20:20.089Z" 
12:20:23.026 INFO  [2],14,3128741,"2021-03-22T04:20:23.026Z" 
12:20:26.059 INFO  [2],15,3131741,"2021-03-22T04:20:26.059Z" 
12:20:29.086 INFO  [2],16,3134741,"2021-03-22T04:20:29.086Z" 
12:20:32.098 INFO  [2],17,3137741,"2021-03-22T04:20:32.098Z" 
12:20:35.081 INFO  [2],18,3140741,"2021-03-22T04:20:35.081Z" 
12:20:38.061 INFO  [2],19,3143741,"2021-03-22T04:20:38.061Z" 
12:20:41.030 INFO  [2],20,3146741,"2021-03-22T04:20:41.030Z" 
12:20:44.037 INFO  [2],21,3149741,"2021-03-22T04:20:44.037Z" 
12:20:47.113 INFO  [2],22,3152741,"2021-03-22T04:20:47.113Z" 
12:20:50.068 INFO  [2],23,3155741,"2021-03-22T04:20:50.068Z" 
12:20:56.035 INFO  [2],25,3161741,"2021-03-22T04:20:56.035Z" 
12:20:59.088 INFO  [2],26,3164741,"2021-03-22T04:20:59.088Z" 
12:21:02.112 INFO  [2],27,3167741,"2021-03-22T04:21:02.112Z" 
12:21:05.113 INFO  [2],28,3170741,"2021-03-22T04:21:05.113Z" 
12:21:08.104 INFO  [2],29,3173741,"2021-03-22T04:21:08.104Z" 
12:21:11.104 INFO  [2],30,3176741,"2021-03-22T04:21:11.104Z" 
12:21:14.055 INFO  [2],31,3179741,"2021-03-22T04:21:14.055Z" 
12:21:17.093 INFO  [2],32,3182741,"2021-03-22T04:21:17.093Z" 
12:21:20.035 INFO  [2],33,3185741,"2021-03-22T04:21:20.034Z" 
12:21:23.064 INFO  [2],34,3188741,"2021-03-22T04:21:23.064Z" 
12:21:26.089 INFO  [2],35,3191741,"2021-03-22T04:21:26.089Z" 
12:21:29.027 INFO  [2],36,3194741,"2021-03-22T04:21:29.027Z" 
12:21:32.084 INFO  [2],37,3197741,"2021-03-22T04:21:32.084Z" 
12:21:35.090 INFO  [2],38,3200741,"2021-03-22T04:21:35.090Z" 
12:21:38.035 INFO  [2],39,3203741,"2021-03-22T04:21:38.035Z" 
12:21:41.036 INFO  [2],40,3206741,"2021-03-22T04:21:41.036Z" 
12:21:44.068 INFO  [2],41,3209741,"2021-03-22T04:21:44.068Z" 
12:21:47.048 INFO  [2],42,3212741,"2021-03-22T04:21:47.048Z" 
12:21:50.070 INFO  [2],43,3215741,"2021-03-22T04:21:50.070Z" 
12:21:53.067 INFO  [2],44,3218741,"2021-03-22T04:21:53.067Z" 
12:21:56.070 INFO  [2],45,3221741,"2021-03-22T04:21:56.070Z" 
12:21:59.088 INFO  [2],46,3224741,"2021-03-22T04:21:59.088Z" 
12:22:02.092 INFO  [2],47,3227741,"2021-03-22T04:22:02.092Z" 
12:22:05.094 INFO  [2],48,3230741,"2021-03-22T04:22:05.094Z" 
12:22:11.069 INFO  [2],50,3236741,"2021-03-22T04:22:11.069Z" 
12:22:14.108 INFO  [2],51,3239741,"2021-03-22T04:22:14.108Z" 
12:22:17.034 INFO  [2],52,3242741,"2021-03-22T04:22:17.034Z" 
12:22:20.076 INFO  [2],53,3245741,"2021-03-22T04:22:20.076Z" 
12:22:23.107 INFO  [2],54,3248741,"2021-03-22T04:22:23.107Z" 
12:22:26.026 INFO  [2],55,3251741,"2021-03-22T04:22:26.026Z" 
12:22:32.081 INFO  [2],57,3257741,"2021-03-22T04:22:32.081Z" 
12:22:35.034 INFO  [2],58,3260741,"2021-03-22T04:22:35.034Z" 
12:22:38.034 INFO  [2],59,3263741,"2021-03-22T04:22:38.034Z" 
12:22:41.109 INFO  [2],60,3266741,"2021-03-22T04:22:41.109Z" 
12:22:44.138 INFO  [2],61,3269741,"2021-03-22T04:22:44.137Z" 
12:22:50.029 INFO  [2],63,3275741,"2021-03-22T04:22:50.029Z" 
12:22:56.075 INFO  [2],65,3281741,"2021-03-22T04:22:56.075Z" 
12:22:59.036 INFO  [2],66,3284741,"2021-03-22T04:22:59.036Z" 
12:23:02.095 INFO  [2],67,3287741,"2021-03-22T04:23:02.095Z" 
12:23:05.036 INFO  [2],68,3290741,"2021-03-22T04:23:05.036Z" 
12:23:08.027 INFO  [2],69,3293741,"2021-03-22T04:23:08.027Z" 
12:23:14.113 INFO  [2],71,3299741,"2021-03-22T04:23:14.113Z" 
12:23:17.034 INFO  [2],72,3302741,"2021-03-22T04:23:17.034Z" 
12:23:20.112 INFO  [2],73,3305741,"2021-03-22T04:23:20.112Z" 
12:23:23.055 INFO  [2],74,3308741,"2021-03-22T04:23:23.055Z" 
12:23:26.113 INFO  [2],75,3311741,"2021-03-22T04:23:26.113Z" 
12:23:29.026 INFO  [2],76,3314741,"2021-03-22T04:23:29.026Z" 
12:23:32.055 INFO  [2],77,3317741,"2021-03-22T04:23:32.055Z" 
12:23:35.035 INFO  [2],78,3320741,"2021-03-22T04:23:35.035Z" 
12:23:38.077 INFO  [2],79,3323741,"2021-03-22T04:23:38.077Z" 
12:23:41.090 INFO  [2],80,3326741,"2021-03-22T04:23:41.090Z" 
12:23:44.038 INFO  [2],81,3329741,"2021-03-22T04:23:44.038Z" 
12:23:47.081 INFO  [2],82,3332741,"2021-03-22T04:23:47.081Z" 
12:23:53.113 INFO  [2],84,3338741,"2021-03-22T04:23:53.113Z" 
12:23:56.066 INFO  [2],85,3341741,"2021-03-22T04:23:56.066Z" 
12:23:59.040 INFO  [2],86,3344741,"2021-03-22T04:23:59.040Z" 
12:24:02.054 INFO  [2],87,3347741,"2021-03-22T04:24:02.054Z" 
12:24:05.089 INFO  [2],88,3350741,"2021-03-22T04:24:05.089Z" 
12:24:11.034 INFO  [2],90,3356741,"2021-03-22T04:24:11.034Z" 
12:24:14.085 INFO  [2],91,3359741,"2021-03-22T04:24:14.085Z" 
12:24:17.026 INFO  [2],92,3362741,"2021-03-22T04:24:17.026Z" 
12:24:20.029 INFO  [2],93,3365741,"2021-03-22T04:24:20.029Z" 
12:24:23.084 INFO  [2],94,3368741,"2021-03-22T04:24:23.084Z" 
12:24:26.036 INFO  [2],95,3371741,"2021-03-22T04:24:26.035Z" 
12:24:29.028 INFO  [2],96,3374741,"2021-03-22T04:24:29.028Z" 
12:24:32.110 INFO  [2],97,3377741,"2021-03-22T04:24:32.110Z" 
12:24:35.117 INFO  [2],98,3380741,"2021-03-22T04:24:35.117Z" 
12:24:38.036 INFO  [2],99,3383741,"2021-03-22T04:24:38.036Z" 
