12:36:48.859 INFO  [16],3,4113641,"2021-03-22T04:36:48.859Z" 
12:36:51.918 INFO  [16],4,4116641,"2021-03-22T04:36:51.918Z" 
12:36:54.843 INFO  [16],5,4119641,"2021-03-22T04:36:54.843Z" 
12:37:00.848 INFO  [16],7,4125641,"2021-03-22T04:37:00.848Z" 
12:37:06.875 INFO  [16],9,4131641,"2021-03-22T04:37:06.875Z" 
12:37:15.837 INFO  [16],12,4140641,"2021-03-22T04:37:15.837Z" 
12:37:33.837 INFO  [16],18,4158641,"2021-03-22T04:37:33.837Z" 
12:37:36.860 INFO  [16],19,4161641,"2021-03-22T04:37:36.860Z" 
12:37:42.844 INFO  [16],21,4167641,"2021-03-22T04:37:42.844Z" 
12:38:00.836 INFO  [16],27,4185641,"2021-03-22T04:38:00.836Z" 
12:38:12.843 INFO  [16],31,4197641,"2021-03-22T04:38:12.843Z" 
12:38:18.840 INFO  [16],33,4203641,"2021-03-22T04:38:18.840Z" 
12:38:21.838 INFO  [16],34,4206641,"2021-03-22T04:38:21.838Z" 
12:38:27.927 INFO  [16],36,4212641,"2021-03-22T04:38:27.927Z" 
12:39:15.854 INFO  [16],52,4260641,"2021-03-22T04:39:15.854Z" 
12:39:27.859 INFO  [16],56,4272641,"2021-03-22T04:39:27.859Z" 
12:39:33.854 INFO  [16],58,4278641,"2021-03-22T04:39:33.854Z" 
12:39:54.897 INFO  [16],65,4299641,"2021-03-22T04:39:54.897Z" 
12:40:18.871 INFO  [16],73,4323641,"2021-03-22T04:40:18.871Z" 
12:40:21.882 INFO  [16],74,4326641,"2021-03-22T04:40:21.882Z" 
12:40:24.870 INFO  [16],75,4329641,"2021-03-22T04:40:24.870Z" 
12:40:30.935 INFO  [16],77,4335641,"2021-03-22T04:40:30.935Z" 
12:40:36.875 INFO  [16],79,4341641,"2021-03-22T04:40:36.875Z" 
12:40:45.855 INFO  [16],82,4350641,"2021-03-22T04:40:45.855Z" 
12:40:48.874 INFO  [16],83,4353641,"2021-03-22T04:40:48.874Z" 
12:40:51.869 INFO  [16],84,4356641,"2021-03-22T04:40:51.869Z" 
12:41:40.561 INFO  [16],99,4401641,"2021-03-22T04:41:40.561Z" 
