12:48:51.145 INFO  [4],0,4836612,"2021-03-22T04:48:51.145Z" 
12:48:54.096 INFO  [4],1,4839611,"2021-03-22T04:48:54.096Z" 
12:48:57.158 INFO  [4],2,4842611,"2021-03-22T04:48:57.158Z" 
12:49:00.120 INFO  [4],3,4845611,"2021-03-22T04:49:00.120Z" 
12:49:06.128 INFO  [4],5,4851611,"2021-03-22T04:49:06.128Z" 
12:49:09.115 INFO  [4],6,4854611,"2021-03-22T04:49:09.115Z" 
12:49:12.170 INFO  [4],7,4857611,"2021-03-22T04:49:12.170Z" 
12:49:18.155 INFO  [4],9,4863611,"2021-03-22T04:49:18.155Z" 
12:49:21.096 INFO  [4],10,4866611,"2021-03-22T04:49:21.096Z" 
12:49:27.093 INFO  [4],12,4872611,"2021-03-22T04:49:27.093Z" 
12:49:30.114 INFO  [4],13,4875611,"2021-03-22T04:49:30.114Z" 
12:49:39.112 INFO  [4],16,4884611,"2021-03-22T04:49:39.112Z" 
12:49:42.098 INFO  [4],17,4887611,"2021-03-22T04:49:42.098Z" 
12:49:45.089 INFO  [4],18,4890611,"2021-03-22T04:49:45.089Z" 
12:49:48.099 INFO  [4],19,4893611,"2021-03-22T04:49:48.099Z" 
12:49:57.088 INFO  [4],22,4902611,"2021-03-22T04:49:57.088Z" 
12:50:00.112 INFO  [4],23,4905611,"2021-03-22T04:50:00.112Z" 
12:50:06.174 INFO  [4],25,4911611,"2021-03-22T04:50:06.174Z" 
12:50:15.088 INFO  [4],28,4920611,"2021-03-22T04:50:15.088Z" 
12:50:18.088 INFO  [4],29,4923611,"2021-03-22T04:50:18.088Z" 
12:50:21.177 INFO  [4],30,4926611,"2021-03-22T04:50:21.176Z" 
12:50:24.104 INFO  [4],31,4929611,"2021-03-22T04:50:24.104Z" 
12:50:27.097 INFO  [4],32,4932611,"2021-03-22T04:50:27.097Z" 
12:50:30.088 INFO  [4],33,4935611,"2021-03-22T04:50:30.088Z" 
12:50:33.099 INFO  [4],34,4938611,"2021-03-22T04:50:33.099Z" 
12:50:39.089 INFO  [4],36,4944611,"2021-03-22T04:50:39.089Z" 
12:50:42.121 INFO  [4],37,4947611,"2021-03-22T04:50:42.121Z" 
12:50:45.102 INFO  [4],38,4950611,"2021-03-22T04:50:45.102Z" 
12:50:54.171 INFO  [4],41,4959611,"2021-03-22T04:50:54.171Z" 
12:50:57.096 INFO  [4],42,4962611,"2021-03-22T04:50:57.096Z" 
12:51:00.105 INFO  [4],43,4965611,"2021-03-22T04:51:00.105Z" 
12:51:03.118 INFO  [4],44,4968611,"2021-03-22T04:51:03.118Z" 
12:51:06.112 INFO  [4],45,4971611,"2021-03-22T04:51:06.112Z" 
12:51:09.091 INFO  [4],46,4974611,"2021-03-22T04:51:09.091Z" 
12:51:12.100 INFO  [4],47,4977611,"2021-03-22T04:51:12.100Z" 
12:51:15.089 INFO  [4],48,4980611,"2021-03-22T04:51:15.089Z" 
12:51:18.095 INFO  [4],49,4983611,"2021-03-22T04:51:18.095Z" 
12:51:21.166 INFO  [4],50,4986611,"2021-03-22T04:51:21.166Z" 
12:51:24.090 INFO  [4],51,4989611,"2021-03-22T04:51:24.090Z" 
12:51:27.097 INFO  [4],52,4992611,"2021-03-22T04:51:27.097Z" 
12:51:30.089 INFO  [4],53,4995611,"2021-03-22T04:51:30.089Z" 
12:51:33.088 INFO  [4],54,4998611,"2021-03-22T04:51:33.088Z" 
12:51:39.102 INFO  [4],56,5004611,"2021-03-22T04:51:39.102Z" 
12:51:42.094 INFO  [4],57,5007611,"2021-03-22T04:51:42.094Z" 
12:51:45.120 INFO  [4],58,5010611,"2021-03-22T04:51:45.120Z" 
12:51:48.170 INFO  [4],59,5013611,"2021-03-22T04:51:48.170Z" 
12:51:54.164 INFO  [4],61,5019611,"2021-03-22T04:51:54.164Z" 
12:51:57.139 INFO  [4],62,5022611,"2021-03-22T04:51:57.139Z" 
12:52:03.174 INFO  [4],64,5028611,"2021-03-22T04:52:03.173Z" 
12:52:06.138 INFO  [4],65,5031611,"2021-03-22T04:52:06.138Z" 
12:52:09.161 INFO  [4],66,5034611,"2021-03-22T04:52:09.161Z" 
12:52:15.123 INFO  [4],68,5040611,"2021-03-22T04:52:15.123Z" 
12:52:21.139 INFO  [4],70,5046611,"2021-03-22T04:52:21.139Z" 
12:52:24.148 INFO  [4],71,5049611,"2021-03-22T04:52:24.148Z" 
12:52:30.098 INFO  [4],73,5055611,"2021-03-22T04:52:30.098Z" 
12:52:33.150 INFO  [4],74,5058611,"2021-03-22T04:52:33.150Z" 
12:52:36.143 INFO  [4],75,5061611,"2021-03-22T04:52:36.143Z" 
12:52:39.098 INFO  [4],76,5064611,"2021-03-22T04:52:39.098Z" 
12:52:42.098 INFO  [4],77,5067611,"2021-03-22T04:52:42.098Z" 
12:52:48.090 INFO  [4],79,5073611,"2021-03-22T04:52:48.090Z" 
12:52:51.126 INFO  [4],80,5076611,"2021-03-22T04:52:51.126Z" 
12:52:54.173 INFO  [4],81,5079611,"2021-03-22T04:52:54.173Z" 
12:52:57.148 INFO  [4],82,5082611,"2021-03-22T04:52:57.148Z" 
12:53:00.123 INFO  [4],83,5085611,"2021-03-22T04:53:00.123Z" 
12:53:03.121 INFO  [4],84,5088611,"2021-03-22T04:53:03.121Z" 
12:53:06.117 INFO  [4],85,5091611,"2021-03-22T04:53:06.117Z" 
12:53:09.126 INFO  [4],86,5094611,"2021-03-22T04:53:09.126Z" 
12:53:12.089 INFO  [4],87,5097611,"2021-03-22T04:53:12.089Z" 
12:53:15.090 INFO  [4],88,5100611,"2021-03-22T04:53:15.090Z" 
12:53:18.093 INFO  [4],89,5103611,"2021-03-22T04:53:18.093Z" 
12:53:21.120 INFO  [4],90,5106611,"2021-03-22T04:53:21.120Z" 
12:53:24.091 INFO  [4],91,5109611,"2021-03-22T04:53:24.091Z" 
12:53:27.158 INFO  [4],92,5112611,"2021-03-22T04:53:27.158Z" 
12:53:30.149 INFO  [4],93,5115611,"2021-03-22T04:53:30.149Z" 
12:53:33.109 INFO  [4],94,5118611,"2021-03-22T04:53:33.109Z" 
12:53:36.124 INFO  [4],95,5121611,"2021-03-22T04:53:36.124Z" 
12:53:39.099 INFO  [4],96,5124611,"2021-03-22T04:53:39.099Z" 
12:53:42.164 INFO  [4],97,5127611,"2021-03-22T04:53:42.164Z" 
12:53:45.148 INFO  [4],98,5130611,"2021-03-22T04:53:45.148Z" 
12:53:48.117 INFO  [4],99,5133611,"2021-03-22T04:53:48.117Z" 
