12:00:49.017 INFO  [8],0,1954366,"2021-03-22T04:00:49.017Z" 
12:00:52.066 INFO  [8],1,1957361,"2021-03-22T04:00:52.066Z" 
12:00:55.004 INFO  [8],2,1960361,"2021-03-22T04:00:55.004Z" 
12:00:58.043 INFO  [8],3,1963361,"2021-03-22T04:00:58.043Z" 
12:01:07.075 INFO  [8],6,1972361,"2021-03-22T04:01:07.075Z" 
12:01:10.034 INFO  [8],7,1975361,"2021-03-22T04:01:10.034Z" 
12:01:13.034 INFO  [8],8,1978361,"2021-03-22T04:01:13.034Z" 
12:01:16.028 INFO  [8],9,1981361,"2021-03-22T04:01:16.028Z" 
12:01:19.091 INFO  [8],10,1984361,"2021-03-22T04:01:19.091Z" 
12:01:22.031 INFO  [8],11,1987361,"2021-03-22T04:01:22.031Z" 
12:01:25.046 INFO  [8],12,1990361,"2021-03-22T04:01:25.046Z" 
12:01:28.080 INFO  [8],13,1993361,"2021-03-22T04:01:28.080Z" 
12:01:31.004 INFO  [8],14,1996361,"2021-03-22T04:01:31.004Z" 
12:01:34.082 INFO  [8],15,1999361,"2021-03-22T04:01:34.082Z" 
12:01:37.007 INFO  [8],16,2002361,"2021-03-22T04:01:37.007Z" 
12:01:43.004 INFO  [8],18,2008361,"2021-03-22T04:01:43.004Z" 
12:01:46.094 INFO  [8],19,2011361,"2021-03-22T04:01:46.094Z" 
12:01:49.037 INFO  [8],20,2014361,"2021-03-22T04:01:49.036Z" 
12:01:52.034 INFO  [8],21,2017361,"2021-03-22T04:01:52.034Z" 
12:01:55.040 INFO  [8],22,2020361,"2021-03-22T04:01:55.040Z" 
12:01:58.052 INFO  [8],23,2023361,"2021-03-22T04:01:58.052Z" 
12:02:01.085 INFO  [8],24,2026361,"2021-03-22T04:02:01.085Z" 
12:02:04.004 INFO  [8],25,2029361,"2021-03-22T04:02:04.004Z" 
12:02:10.003 INFO  [8],27,2035361,"2021-03-22T04:02:10.003Z" 
12:02:13.052 INFO  [8],28,2038361,"2021-03-22T04:02:13.052Z" 
12:02:16.030 INFO  [8],29,2041361,"2021-03-22T04:02:16.030Z" 
12:02:19.004 INFO  [8],30,2044361,"2021-03-22T04:02:19.004Z" 
12:02:22.004 INFO  [8],31,2047361,"2021-03-22T04:02:22.004Z" 
12:02:25.004 INFO  [8],32,2050361,"2021-03-22T04:02:25.004Z" 
12:02:28.047 INFO  [8],33,2053361,"2021-03-22T04:02:28.047Z" 
12:02:31.005 INFO  [8],34,2056361,"2021-03-22T04:02:31.005Z" 
12:02:34.004 INFO  [8],35,2059361,"2021-03-22T04:02:34.004Z" 
12:02:37.031 INFO  [8],36,2062361,"2021-03-22T04:02:37.031Z" 
12:02:40.084 INFO  [8],37,2065361,"2021-03-22T04:02:40.084Z" 
12:02:43.033 INFO  [8],38,2068361,"2021-03-22T04:02:43.033Z" 
12:02:46.056 INFO  [8],39,2071361,"2021-03-22T04:02:46.056Z" 
12:02:49.028 INFO  [8],40,2074361,"2021-03-22T04:02:49.028Z" 
12:02:52.031 INFO  [8],41,2077361,"2021-03-22T04:02:52.031Z" 
12:02:55.005 INFO  [8],42,2080361,"2021-03-22T04:02:55.005Z" 
12:02:58.004 INFO  [8],43,2083361,"2021-03-22T04:02:58.004Z" 
12:03:01.005 INFO  [8],44,2086361,"2021-03-22T04:03:01.004Z" 
12:03:04.032 INFO  [8],45,2089361,"2021-03-22T04:03:04.032Z" 
12:03:07.042 INFO  [8],46,2092361,"2021-03-22T04:03:07.042Z" 
12:03:10.044 INFO  [8],47,2095361,"2021-03-22T04:03:10.044Z" 
12:03:13.004 INFO  [8],48,2098361,"2021-03-22T04:03:13.004Z" 
12:03:16.023 INFO  [8],49,2101361,"2021-03-22T04:03:16.023Z" 
12:03:19.065 INFO  [8],50,2104361,"2021-03-22T04:03:19.064Z" 
12:03:22.048 INFO  [8],51,2107361,"2021-03-22T04:03:22.048Z" 
12:03:25.004 INFO  [8],52,2110361,"2021-03-22T04:03:25.004Z" 
12:03:34.003 INFO  [8],55,2119361,"2021-03-22T04:03:34.003Z" 
12:03:37.012 INFO  [8],56,2122361,"2021-03-22T04:03:37.012Z" 
12:03:40.034 INFO  [8],57,2125361,"2021-03-22T04:03:40.034Z" 
12:03:43.043 INFO  [8],58,2128361,"2021-03-22T04:03:43.043Z" 
12:03:46.004 INFO  [8],59,2131361,"2021-03-22T04:03:46.004Z" 
12:03:49.047 INFO  [8],60,2134361,"2021-03-22T04:03:49.047Z" 
12:03:52.003 INFO  [8],61,2137361,"2021-03-22T04:03:52.003Z" 
12:03:55.080 INFO  [8],62,2140361,"2021-03-22T04:03:55.080Z" 
12:03:58.004 INFO  [8],63,2143361,"2021-03-22T04:03:58.004Z" 
12:04:04.092 INFO  [8],65,2149361,"2021-03-22T04:04:04.092Z" 
12:04:07.006 INFO  [8],66,2152361,"2021-03-22T04:04:07.006Z" 
12:04:10.034 INFO  [8],67,2155361,"2021-03-22T04:04:10.034Z" 
12:04:13.083 INFO  [8],68,2158361,"2021-03-22T04:04:13.083Z" 
12:04:16.084 INFO  [8],69,2161361,"2021-03-22T04:04:16.084Z" 
12:04:19.012 INFO  [8],70,2164361,"2021-03-22T04:04:19.012Z" 
12:04:22.003 INFO  [8],71,2167361,"2021-03-22T04:04:22.003Z" 
12:04:25.037 INFO  [8],72,2170361,"2021-03-22T04:04:25.037Z" 
12:04:28.004 INFO  [8],73,2173361,"2021-03-22T04:04:28.004Z" 
12:04:31.038 INFO  [8],74,2176361,"2021-03-22T04:04:31.038Z" 
12:04:34.087 INFO  [8],75,2179361,"2021-03-22T04:04:34.087Z" 
12:04:37.061 INFO  [8],76,2182361,"2021-03-22T04:04:37.061Z" 
12:04:40.005 INFO  [8],77,2185361,"2021-03-22T04:04:40.005Z" 
12:04:43.057 INFO  [8],78,2188361,"2021-03-22T04:04:43.057Z" 
12:04:46.009 INFO  [8],79,2191361,"2021-03-22T04:04:46.009Z" 
12:04:52.014 INFO  [8],81,2197361,"2021-03-22T04:04:52.014Z" 
12:04:55.013 INFO  [8],82,2200361,"2021-03-22T04:04:55.013Z" 
12:04:58.013 INFO  [8],83,2203361,"2021-03-22T04:04:58.013Z" 
12:05:01.013 INFO  [8],84,2206361,"2021-03-22T04:05:01.013Z" 
12:05:07.041 INFO  [8],86,2212361,"2021-03-22T04:05:07.041Z" 
12:05:10.041 INFO  [8],87,2215361,"2021-03-22T04:05:10.041Z" 
12:05:13.015 INFO  [8],88,2218361,"2021-03-22T04:05:13.015Z" 
12:05:16.014 INFO  [8],89,2221361,"2021-03-22T04:05:16.014Z" 
12:05:19.043 INFO  [8],90,2224361,"2021-03-22T04:05:19.043Z" 
12:05:22.015 INFO  [8],91,2227361,"2021-03-22T04:05:22.015Z" 
12:05:25.048 INFO  [8],92,2230361,"2021-03-22T04:05:25.048Z" 
12:05:28.048 INFO  [8],93,2233361,"2021-03-22T04:05:28.048Z" 
12:05:31.064 INFO  [8],94,2236361,"2021-03-22T04:05:31.064Z" 
12:05:34.015 INFO  [8],95,2239361,"2021-03-22T04:05:34.015Z" 
12:05:37.015 INFO  [8],96,2242361,"2021-03-22T04:05:37.015Z" 
12:05:40.015 INFO  [8],97,2245361,"2021-03-22T04:05:40.015Z" 
12:05:43.022 INFO  [8],98,2248361,"2021-03-22T04:05:43.022Z" 
12:05:46.018 INFO  [8],99,2251361,"2021-03-22T04:05:46.018Z" 
