12:43:00.807 INFO  [2],0,4486492,"2021-03-22T04:43:00.807Z" 
12:43:03.803 INFO  [2],1,4489491,"2021-03-22T04:43:03.803Z" 
12:43:06.815 INFO  [2],2,4492491,"2021-03-22T04:43:06.815Z" 
12:43:09.797 INFO  [2],3,4495491,"2021-03-22T04:43:09.797Z" 
12:43:12.818 INFO  [2],4,4498491,"2021-03-22T04:43:12.818Z" 
12:43:15.803 INFO  [2],5,4501491,"2021-03-22T04:43:15.803Z" 
12:43:18.796 INFO  [2],6,4504491,"2021-03-22T04:43:18.796Z" 
12:43:21.823 INFO  [2],7,4507491,"2021-03-22T04:43:21.822Z" 
12:43:24.823 INFO  [2],8,4510491,"2021-03-22T04:43:24.823Z" 
12:43:27.870 INFO  [2],9,4513491,"2021-03-22T04:43:27.870Z" 
12:43:30.810 INFO  [2],10,4516491,"2021-03-22T04:43:30.810Z" 
12:43:33.868 INFO  [2],11,4519491,"2021-03-22T04:43:33.868Z" 
12:43:36.795 INFO  [2],12,4522491,"2021-03-22T04:43:36.795Z" 
12:43:39.797 INFO  [2],13,4525491,"2021-03-22T04:43:39.797Z" 
12:43:45.813 INFO  [2],15,4531491,"2021-03-22T04:43:45.813Z" 
12:43:48.791 INFO  [2],16,4534491,"2021-03-22T04:43:48.791Z" 
12:43:51.843 INFO  [2],17,4537491,"2021-03-22T04:43:51.843Z" 
12:43:54.878 INFO  [2],18,4540491,"2021-03-22T04:43:54.878Z" 
12:43:57.830 INFO  [2],19,4543491,"2021-03-22T04:43:57.830Z" 
12:44:00.805 INFO  [2],20,4546491,"2021-03-22T04:44:00.805Z" 
12:44:03.795 INFO  [2],21,4549491,"2021-03-22T04:44:03.795Z" 
12:44:06.844 INFO  [2],22,4552491,"2021-03-22T04:44:06.844Z" 
12:44:09.820 INFO  [2],23,4555491,"2021-03-22T04:44:09.820Z" 
12:44:12.791 INFO  [2],24,4558491,"2021-03-22T04:44:12.791Z" 
12:44:18.797 INFO  [2],26,4564491,"2021-03-22T04:44:18.797Z" 
12:44:21.799 INFO  [2],27,4567491,"2021-03-22T04:44:21.799Z" 
12:44:24.874 INFO  [2],28,4570491,"2021-03-22T04:44:24.874Z" 
12:44:27.841 INFO  [2],29,4573491,"2021-03-22T04:44:27.841Z" 
12:44:30.787 INFO  [2],30,4576491,"2021-03-22T04:44:30.787Z" 
12:44:33.794 INFO  [2],31,4579491,"2021-03-22T04:44:33.794Z" 
12:44:36.864 INFO  [2],32,4582491,"2021-03-22T04:44:36.864Z" 
12:44:39.878 INFO  [2],33,4585491,"2021-03-22T04:44:39.878Z" 
12:44:42.794 INFO  [2],34,4588491,"2021-03-22T04:44:42.794Z" 
12:44:45.857 INFO  [2],35,4591491,"2021-03-22T04:44:45.857Z" 
12:44:48.818 INFO  [2],36,4594491,"2021-03-22T04:44:48.818Z" 
12:44:51.800 INFO  [2],37,4597491,"2021-03-22T04:44:51.800Z" 
12:44:54.790 INFO  [2],38,4600491,"2021-03-22T04:44:54.790Z" 
12:45:00.799 INFO  [2],40,4606491,"2021-03-22T04:45:00.799Z" 
12:45:03.794 INFO  [2],41,4609491,"2021-03-22T04:45:03.794Z" 
12:45:06.790 INFO  [2],42,4612491,"2021-03-22T04:45:06.790Z" 
12:45:09.834 INFO  [2],43,4615491,"2021-03-22T04:45:09.834Z" 
12:45:12.825 INFO  [2],44,4618491,"2021-03-22T04:45:12.825Z" 
12:45:15.825 INFO  [2],45,4621491,"2021-03-22T04:45:15.825Z" 
12:45:18.794 INFO  [2],46,4624491,"2021-03-22T04:45:18.794Z" 
12:45:21.822 INFO  [2],47,4627491,"2021-03-22T04:45:21.822Z" 
12:45:24.802 INFO  [2],48,4630491,"2021-03-22T04:45:24.802Z" 
12:45:27.813 INFO  [2],49,4633491,"2021-03-22T04:45:27.813Z" 
12:45:30.803 INFO  [2],50,4636491,"2021-03-22T04:45:30.803Z" 
12:45:33.800 INFO  [2],51,4639491,"2021-03-22T04:45:33.800Z" 
12:45:36.797 INFO  [2],52,4642491,"2021-03-22T04:45:36.797Z" 
12:45:39.795 INFO  [2],53,4645491,"2021-03-22T04:45:39.795Z" 
12:45:42.804 INFO  [2],54,4648491,"2021-03-22T04:45:42.804Z" 
12:45:45.794 INFO  [2],55,4651491,"2021-03-22T04:45:45.794Z" 
12:45:48.814 INFO  [2],56,4654491,"2021-03-22T04:45:48.814Z" 
12:45:51.836 INFO  [2],57,4657491,"2021-03-22T04:45:51.836Z" 
12:45:54.847 INFO  [2],58,4660491,"2021-03-22T04:45:54.847Z" 
12:45:57.802 INFO  [2],59,4663491,"2021-03-22T04:45:57.802Z" 
12:46:00.795 INFO  [2],60,4666491,"2021-03-22T04:46:00.794Z" 
12:46:03.822 INFO  [2],61,4669491,"2021-03-22T04:46:03.822Z" 
12:46:06.824 INFO  [2],62,4672491,"2021-03-22T04:46:06.824Z" 
12:46:09.789 INFO  [2],63,4675491,"2021-03-22T04:46:09.789Z" 
12:46:12.811 INFO  [2],64,4678491,"2021-03-22T04:46:12.811Z" 
12:46:15.843 INFO  [2],65,4681491,"2021-03-22T04:46:15.843Z" 
12:46:21.831 INFO  [2],67,4687491,"2021-03-22T04:46:21.831Z" 
12:46:24.787 INFO  [2],68,4690491,"2021-03-22T04:46:24.787Z" 
12:46:27.881 INFO  [2],69,4693491,"2021-03-22T04:46:27.881Z" 
12:46:30.867 INFO  [2],70,4696491,"2021-03-22T04:46:30.867Z" 
12:46:33.911 INFO  [2],71,4699491,"2021-03-22T04:46:33.911Z" 
12:46:36.818 INFO  [2],72,4702491,"2021-03-22T04:46:36.818Z" 
12:46:39.797 INFO  [2],73,4705491,"2021-03-22T04:46:39.797Z" 
12:46:42.803 INFO  [2],74,4708491,"2021-03-22T04:46:42.803Z" 
12:46:45.789 INFO  [2],75,4711491,"2021-03-22T04:46:45.789Z" 
12:46:48.788 INFO  [2],76,4714491,"2021-03-22T04:46:48.788Z" 
12:46:51.834 INFO  [2],77,4717491,"2021-03-22T04:46:51.834Z" 
12:46:54.849 INFO  [2],78,4720491,"2021-03-22T04:46:54.849Z" 
12:46:57.810 INFO  [2],79,4723491,"2021-03-22T04:46:57.810Z" 
12:47:00.817 INFO  [2],80,4726491,"2021-03-22T04:47:00.817Z" 
12:47:03.869 INFO  [2],81,4729491,"2021-03-22T04:47:03.869Z" 
12:47:06.858 INFO  [2],82,4732491,"2021-03-22T04:47:06.858Z" 
12:47:09.800 INFO  [2],83,4735491,"2021-03-22T04:47:09.800Z" 
12:47:12.791 INFO  [2],84,4738491,"2021-03-22T04:47:12.791Z" 
12:47:15.822 INFO  [2],85,4741491,"2021-03-22T04:47:15.822Z" 
12:47:18.833 INFO  [2],86,4744491,"2021-03-22T04:47:18.833Z" 
12:47:21.848 INFO  [2],87,4747491,"2021-03-22T04:47:21.848Z" 
12:47:24.802 INFO  [2],88,4750491,"2021-03-22T04:47:24.802Z" 
12:47:27.859 INFO  [2],89,4753491,"2021-03-22T04:47:27.859Z" 
12:47:30.877 INFO  [2],90,4756491,"2021-03-22T04:47:30.877Z" 
12:47:33.787 INFO  [2],91,4759491,"2021-03-22T04:47:33.787Z" 
12:47:36.846 INFO  [2],92,4762491,"2021-03-22T04:47:36.846Z" 
12:47:42.850 INFO  [2],94,4768491,"2021-03-22T04:47:42.850Z" 
12:47:45.798 INFO  [2],95,4771492,"2021-03-22T04:47:45.798Z" 
12:47:48.788 INFO  [2],96,4774491,"2021-03-22T04:47:48.788Z" 
12:47:51.822 INFO  [2],97,4777491,"2021-03-22T04:47:51.822Z" 
12:47:54.823 INFO  [2],98,4780491,"2021-03-22T04:47:54.823Z" 
12:48:00.869 INFO  [2],99,4783491,"2021-03-22T04:48:00.869Z" 
