12:25:22.977 INFO  [4],0,3428514,"2021-03-22T04:25:22.977Z" 
12:25:26.002 INFO  [4],1,3431511,"2021-03-22T04:25:26.002Z" 
12:25:29.052 INFO  [4],2,3434511,"2021-03-22T04:25:29.052Z" 
12:25:32.023 INFO  [4],3,3437511,"2021-03-22T04:25:32.023Z" 
12:25:34.979 INFO  [4],4,3440511,"2021-03-22T04:25:34.979Z" 
12:25:37.981 INFO  [4],5,3443511,"2021-03-22T04:25:37.981Z" 
12:25:40.988 INFO  [4],6,3446511,"2021-03-22T04:25:40.988Z" 
12:25:52.982 INFO  [4],10,3458511,"2021-03-22T04:25:52.982Z" 
12:26:01.985 INFO  [4],13,3467511,"2021-03-22T04:26:01.985Z" 
12:26:10.982 INFO  [4],16,3476511,"2021-03-22T04:26:10.982Z" 
12:26:16.981 INFO  [4],18,3482511,"2021-03-22T04:26:16.981Z" 
12:26:31.990 INFO  [4],23,3497511,"2021-03-22T04:26:31.990Z" 
12:26:43.980 INFO  [4],27,3509511,"2021-03-22T04:26:43.980Z" 
12:26:59.006 INFO  [4],32,3524511,"2021-03-22T04:26:59.006Z" 
12:27:04.978 INFO  [4],34,3530511,"2021-03-22T04:27:04.978Z" 
12:27:07.977 INFO  [4],35,3533511,"2021-03-22T04:27:07.977Z" 
12:27:28.983 INFO  [4],42,3554511,"2021-03-22T04:27:28.983Z" 
12:27:35.030 INFO  [4],44,3560511,"2021-03-22T04:27:35.030Z" 
12:27:41.054 INFO  [4],46,3566511,"2021-03-22T04:27:41.054Z" 
12:27:55.977 INFO  [4],51,3581511,"2021-03-22T04:27:55.977Z" 
12:28:20.000 INFO  [4],59,3605511,"2021-03-22T04:28:20.000Z" 
12:28:59.015 INFO  [4],72,3644511,"2021-03-22T04:28:59.015Z" 
12:29:10.982 INFO  [4],76,3656511,"2021-03-22T04:29:10.982Z" 
12:29:17.031 INFO  [4],78,3662511,"2021-03-22T04:29:17.031Z" 
12:29:20.003 INFO  [4],79,3665511,"2021-03-22T04:29:20.003Z" 
12:29:37.983 INFO  [4],85,3683511,"2021-03-22T04:29:37.983Z" 
12:29:43.976 INFO  [4],87,3689511,"2021-03-22T04:29:43.976Z" 
12:29:50.009 INFO  [4],89,3695511,"2021-03-22T04:29:50.009Z" 
12:29:56.011 INFO  [4],91,3701511,"2021-03-22T04:29:56.011Z" 
12:29:59.035 INFO  [4],92,3704511,"2021-03-22T04:29:59.035Z" 
12:30:05.010 INFO  [4],94,3710511,"2021-03-22T04:30:05.010Z" 
12:30:07.975 INFO  [4],95,3713511,"2021-03-22T04:30:07.975Z" 
12:30:11.037 INFO  [4],96,3716511,"2021-03-22T04:30:11.037Z" 
12:30:23.330 INFO  [4],99,3725511,"2021-03-22T04:30:23.330Z" 
