14:31:03.858 INFO  [4],0,10969317,"2021-03-22T06:31:03.857Z" 
14:31:06.846 INFO  [4],1,10972312,"2021-03-22T06:31:06.846Z" 
14:31:09.833 INFO  [4],2,10975311,"2021-03-22T06:31:09.833Z" 
14:31:12.819 INFO  [4],3,10978311,"2021-03-22T06:31:12.819Z" 
14:31:15.881 INFO  [4],4,10981311,"2021-03-22T06:31:15.881Z" 
14:31:18.860 INFO  [4],5,10984311,"2021-03-22T06:31:18.860Z" 
14:31:21.823 INFO  [4],6,10987311,"2021-03-22T06:31:21.823Z" 
14:31:24.832 INFO  [4],7,10990311,"2021-03-22T06:31:24.832Z" 
14:31:27.818 INFO  [4],8,10993311,"2021-03-22T06:31:27.818Z" 
14:31:30.854 INFO  [4],9,10996311,"2021-03-22T06:31:30.854Z" 
14:31:33.884 INFO  [4],10,10999311,"2021-03-22T06:31:33.884Z" 
14:31:36.853 INFO  [4],11,11002311,"2021-03-22T06:31:36.853Z" 
14:31:39.820 INFO  [4],12,11005311,"2021-03-22T06:31:39.819Z" 
14:31:42.820 INFO  [4],13,11008311,"2021-03-22T06:31:42.820Z" 
14:31:45.871 INFO  [4],14,11011311,"2021-03-22T06:31:45.871Z" 
14:31:48.819 INFO  [4],15,11014311,"2021-03-22T06:31:48.819Z" 
14:31:51.846 INFO  [4],16,11017311,"2021-03-22T06:31:51.846Z" 
14:31:54.820 INFO  [4],17,11020311,"2021-03-22T06:31:54.820Z" 
14:31:57.876 INFO  [4],18,11023311,"2021-03-22T06:31:57.876Z" 
14:32:03.818 INFO  [4],20,11029311,"2021-03-22T06:32:03.818Z" 
14:32:06.846 INFO  [4],21,11032311,"2021-03-22T06:32:06.846Z" 
14:32:09.822 INFO  [4],22,11035311,"2021-03-22T06:32:09.822Z" 
14:32:12.823 INFO  [4],23,11038311,"2021-03-22T06:32:12.823Z" 
14:32:15.857 INFO  [4],24,11041311,"2021-03-22T06:32:15.856Z" 
14:32:18.821 INFO  [4],25,11044311,"2021-03-22T06:32:18.821Z" 
14:32:21.877 INFO  [4],26,11047311,"2021-03-22T06:32:21.877Z" 
14:32:24.825 INFO  [4],27,11050311,"2021-03-22T06:32:24.825Z" 
14:32:27.823 INFO  [4],28,11053311,"2021-03-22T06:32:27.823Z" 
14:32:30.880 INFO  [4],29,11056311,"2021-03-22T06:32:30.879Z" 
14:32:33.881 INFO  [4],30,11059311,"2021-03-22T06:32:33.881Z" 
14:32:36.823 INFO  [4],31,11062311,"2021-03-22T06:32:36.823Z" 
14:32:39.820 INFO  [4],32,11065311,"2021-03-22T06:32:39.820Z" 
14:32:42.882 INFO  [4],33,11068311,"2021-03-22T06:32:42.882Z" 
14:32:45.824 INFO  [4],34,11071311,"2021-03-22T06:32:45.824Z" 
14:32:48.829 INFO  [4],35,11074311,"2021-03-22T06:32:48.829Z" 
14:32:51.821 INFO  [4],36,11077311,"2021-03-22T06:32:51.821Z" 
14:32:54.828 INFO  [4],37,11080311,"2021-03-22T06:32:54.828Z" 
14:32:57.849 INFO  [4],38,11083311,"2021-03-22T06:32:57.849Z" 
14:33:00.847 INFO  [4],39,11086311,"2021-03-22T06:33:00.847Z" 
14:33:03.871 INFO  [4],40,11089311,"2021-03-22T06:33:03.871Z" 
14:33:06.831 INFO  [4],41,11092312,"2021-03-22T06:33:06.831Z" 
14:33:09.833 INFO  [4],42,11095311,"2021-03-22T06:33:09.833Z" 
14:33:15.823 INFO  [4],44,11101311,"2021-03-22T06:33:15.823Z" 
14:33:18.880 INFO  [4],45,11104311,"2021-03-22T06:33:18.880Z" 
14:33:21.831 INFO  [4],46,11107311,"2021-03-22T06:33:21.831Z" 
14:33:24.882 INFO  [4],47,11110311,"2021-03-22T06:33:24.882Z" 
14:33:27.826 INFO  [4],48,11113311,"2021-03-22T06:33:27.826Z" 
14:33:30.839 INFO  [4],49,11116311,"2021-03-22T06:33:30.839Z" 
14:33:33.854 INFO  [4],50,11119311,"2021-03-22T06:33:33.854Z" 
14:33:36.840 INFO  [4],51,11122311,"2021-03-22T06:33:36.840Z" 
14:33:39.830 INFO  [4],52,11125311,"2021-03-22T06:33:39.830Z" 
14:33:42.827 INFO  [4],53,11128311,"2021-03-22T06:33:42.827Z" 
14:33:45.843 INFO  [4],54,11131311,"2021-03-22T06:33:45.843Z" 
14:33:51.881 INFO  [4],56,11137311,"2021-03-22T06:33:51.881Z" 
14:33:54.851 INFO  [4],57,11140311,"2021-03-22T06:33:54.851Z" 
14:34:00.847 INFO  [4],59,11146311,"2021-03-22T06:34:00.847Z" 
14:34:03.826 INFO  [4],60,11149311,"2021-03-22T06:34:03.826Z" 
14:34:06.853 INFO  [4],61,11152311,"2021-03-22T06:34:06.853Z" 
14:34:09.818 INFO  [4],62,11155311,"2021-03-22T06:34:09.818Z" 
14:34:12.826 INFO  [4],63,11158311,"2021-03-22T06:34:12.826Z" 
14:34:15.828 INFO  [4],64,11161311,"2021-03-22T06:34:15.828Z" 
14:34:18.848 INFO  [4],65,11164311,"2021-03-22T06:34:18.848Z" 
14:34:21.828 INFO  [4],66,11167311,"2021-03-22T06:34:21.828Z" 
14:34:24.819 INFO  [4],67,11170311,"2021-03-22T06:34:24.819Z" 
14:34:27.835 INFO  [4],68,11173311,"2021-03-22T06:34:27.835Z" 
14:34:33.820 INFO  [4],70,11179311,"2021-03-22T06:34:33.820Z" 
14:34:36.897 INFO  [4],71,11182311,"2021-03-22T06:34:36.897Z" 
14:34:39.901 INFO  [4],72,11185311,"2021-03-22T06:34:39.901Z" 
14:34:42.844 INFO  [4],73,11188311,"2021-03-22T06:34:42.844Z" 
14:34:45.819 INFO  [4],74,11191311,"2021-03-22T06:34:45.819Z" 
14:34:48.880 INFO  [4],75,11194311,"2021-03-22T06:34:48.880Z" 
14:34:51.858 INFO  [4],76,11197311,"2021-03-22T06:34:51.858Z" 
14:34:54.840 INFO  [4],77,11200311,"2021-03-22T06:34:54.840Z" 
14:34:57.824 INFO  [4],78,11203311,"2021-03-22T06:34:57.824Z" 
14:35:00.846 INFO  [4],79,11206311,"2021-03-22T06:35:00.846Z" 
14:35:03.856 INFO  [4],80,11209311,"2021-03-22T06:35:03.856Z" 
14:35:06.845 INFO  [4],81,11212311,"2021-03-22T06:35:06.845Z" 
14:35:09.880 INFO  [4],82,11215311,"2021-03-22T06:35:09.880Z" 
14:35:12.822 INFO  [4],83,11218311,"2021-03-22T06:35:12.822Z" 
14:35:15.828 INFO  [4],84,11221311,"2021-03-22T06:35:15.828Z" 
14:35:18.835 INFO  [4],85,11224311,"2021-03-22T06:35:18.835Z" 
14:35:24.878 INFO  [4],87,11230311,"2021-03-22T06:35:24.878Z" 
14:35:27.826 INFO  [4],88,11233311,"2021-03-22T06:35:27.826Z" 
14:35:30.864 INFO  [4],89,11236311,"2021-03-22T06:35:30.864Z" 
14:35:33.857 INFO  [4],90,11239311,"2021-03-22T06:35:33.857Z" 
14:35:36.820 INFO  [4],91,11242311,"2021-03-22T06:35:36.820Z" 
14:35:39.828 INFO  [4],92,11245311,"2021-03-22T06:35:39.828Z" 
14:35:42.822 INFO  [4],93,11248311,"2021-03-22T06:35:42.822Z" 
14:35:45.823 INFO  [4],94,11251311,"2021-03-22T06:35:45.823Z" 
14:35:48.821 INFO  [4],95,11254311,"2021-03-22T06:35:48.821Z" 
14:35:51.898 INFO  [4],96,11257311,"2021-03-22T06:35:51.898Z" 
14:35:54.825 INFO  [4],97,11260311,"2021-03-22T06:35:54.825Z" 
14:35:57.901 INFO  [4],98,11263311,"2021-03-22T06:35:57.901Z" 
14:36:00.825 INFO  [4],99,11266311,"2021-03-22T06:36:00.825Z" 
