14:45:20.566 INFO  [8],0,11825871,"2021-03-22T06:45:20.566Z" 
14:45:23.618 INFO  [8],1,11828871,"2021-03-22T06:45:23.617Z" 
14:45:26.607 INFO  [8],2,11831871,"2021-03-22T06:45:26.607Z" 
14:45:29.660 INFO  [8],3,11834871,"2021-03-22T06:45:29.660Z" 
14:45:32.592 INFO  [8],4,11837871,"2021-03-22T06:45:32.592Z" 
14:45:35.590 INFO  [8],5,11840871,"2021-03-22T06:45:35.590Z" 
14:45:38.567 INFO  [8],6,11843871,"2021-03-22T06:45:38.567Z" 
14:45:41.604 INFO  [8],7,11846871,"2021-03-22T06:45:41.604Z" 
14:45:44.588 INFO  [8],8,11849871,"2021-03-22T06:45:44.588Z" 
14:45:47.650 INFO  [8],9,11852871,"2021-03-22T06:45:47.650Z" 
14:45:50.620 INFO  [8],10,11855871,"2021-03-22T06:45:50.620Z" 
14:45:53.622 INFO  [8],11,11858871,"2021-03-22T06:45:53.622Z" 
14:45:56.632 INFO  [8],12,11861871,"2021-03-22T06:45:56.632Z" 
14:45:59.642 INFO  [8],13,11864871,"2021-03-22T06:45:59.642Z" 
14:46:02.594 INFO  [8],14,11867871,"2021-03-22T06:46:02.594Z" 
14:46:05.571 INFO  [8],15,11870871,"2021-03-22T06:46:05.571Z" 
14:46:11.619 INFO  [8],17,11876871,"2021-03-22T06:46:11.619Z" 
14:46:14.594 INFO  [8],18,11879871,"2021-03-22T06:46:14.594Z" 
14:46:20.648 INFO  [8],20,11885871,"2021-03-22T06:46:20.648Z" 
14:46:23.611 INFO  [8],21,11888871,"2021-03-22T06:46:23.611Z" 
14:46:26.612 INFO  [8],22,11891871,"2021-03-22T06:46:26.612Z" 
14:46:29.599 INFO  [8],23,11894871,"2021-03-22T06:46:29.599Z" 
14:46:32.603 INFO  [8],24,11897871,"2021-03-22T06:46:32.603Z" 
14:46:38.598 INFO  [8],26,11903871,"2021-03-22T06:46:38.598Z" 
14:46:41.620 INFO  [8],27,11906871,"2021-03-22T06:46:41.620Z" 
14:46:44.565 INFO  [8],28,11909871,"2021-03-22T06:46:44.565Z" 
14:46:50.620 INFO  [8],30,11915871,"2021-03-22T06:46:50.620Z" 
14:46:56.590 INFO  [8],32,11921871,"2021-03-22T06:46:56.590Z" 
14:46:59.635 INFO  [8],33,11924871,"2021-03-22T06:46:59.635Z" 
14:47:02.571 INFO  [8],34,11927871,"2021-03-22T06:47:02.571Z" 
14:47:05.592 INFO  [8],35,11930871,"2021-03-22T06:47:05.592Z" 
14:47:08.642 INFO  [8],36,11933871,"2021-03-22T06:47:08.642Z" 
14:47:11.645 INFO  [8],37,11936871,"2021-03-22T06:47:11.645Z" 
14:47:14.603 INFO  [8],38,11939871,"2021-03-22T06:47:14.603Z" 
14:47:17.590 INFO  [8],39,11942871,"2021-03-22T06:47:17.590Z" 
14:47:23.569 INFO  [8],41,11948871,"2021-03-22T06:47:23.569Z" 
14:47:26.645 INFO  [8],42,11951871,"2021-03-22T06:47:26.645Z" 
14:47:32.572 INFO  [8],44,11957871,"2021-03-22T06:47:32.572Z" 
14:47:35.606 INFO  [8],45,11960871,"2021-03-22T06:47:35.606Z" 
14:47:41.629 INFO  [8],47,11966871,"2021-03-22T06:47:41.629Z" 
14:47:44.597 INFO  [8],48,11969871,"2021-03-22T06:47:44.597Z" 
14:47:47.595 INFO  [8],49,11972871,"2021-03-22T06:47:47.595Z" 
14:47:50.622 INFO  [8],50,11975871,"2021-03-22T06:47:50.622Z" 
14:47:53.623 INFO  [8],51,11978871,"2021-03-22T06:47:53.623Z" 
14:47:56.593 INFO  [8],52,11981871,"2021-03-22T06:47:56.593Z" 
14:47:59.565 INFO  [8],53,11984871,"2021-03-22T06:47:59.565Z" 
14:48:02.585 INFO  [8],54,11987871,"2021-03-22T06:48:02.585Z" 
14:48:08.593 INFO  [8],56,11993871,"2021-03-22T06:48:08.593Z" 
14:48:11.585 INFO  [8],57,11996871,"2021-03-22T06:48:11.585Z" 
14:48:14.573 INFO  [8],58,11999871,"2021-03-22T06:48:14.573Z" 
14:48:17.565 INFO  [8],59,12002871,"2021-03-22T06:48:17.565Z" 
14:48:20.597 INFO  [8],60,12005871,"2021-03-22T06:48:20.597Z" 
14:48:23.595 INFO  [8],61,12008871,"2021-03-22T06:48:23.595Z" 
14:48:29.615 INFO  [8],63,12014871,"2021-03-22T06:48:29.615Z" 
14:48:35.579 INFO  [8],65,12020871,"2021-03-22T06:48:35.579Z" 
14:48:38.634 INFO  [8],66,12023871,"2021-03-22T06:48:38.634Z" 
14:48:44.601 INFO  [8],68,12029871,"2021-03-22T06:48:44.601Z" 
14:48:47.596 INFO  [8],69,12032871,"2021-03-22T06:48:47.596Z" 
14:48:50.577 INFO  [8],70,12035871,"2021-03-22T06:48:50.577Z" 
14:48:53.594 INFO  [8],71,12038871,"2021-03-22T06:48:53.594Z" 
14:48:59.597 INFO  [8],73,12044871,"2021-03-22T06:48:59.597Z" 
14:49:02.596 INFO  [8],74,12047871,"2021-03-22T06:49:02.596Z" 
14:49:05.621 INFO  [8],75,12050871,"2021-03-22T06:49:05.621Z" 
14:49:08.595 INFO  [8],76,12053871,"2021-03-22T06:49:08.595Z" 
14:49:11.610 INFO  [8],77,12056871,"2021-03-22T06:49:11.610Z" 
14:49:14.598 INFO  [8],78,12059871,"2021-03-22T06:49:14.598Z" 
14:49:20.582 INFO  [8],80,12065871,"2021-03-22T06:49:20.582Z" 
14:49:26.613 INFO  [8],82,12071871,"2021-03-22T06:49:26.613Z" 
14:49:29.592 INFO  [8],83,12074871,"2021-03-22T06:49:29.592Z" 
14:49:35.594 INFO  [8],85,12080871,"2021-03-22T06:49:35.594Z" 
14:49:38.601 INFO  [8],86,12083871,"2021-03-22T06:49:38.601Z" 
14:49:41.595 INFO  [8],87,12086871,"2021-03-22T06:49:41.595Z" 
14:49:44.572 INFO  [8],88,12089871,"2021-03-22T06:49:44.572Z" 
14:49:50.666 INFO  [8],90,12095871,"2021-03-22T06:49:50.666Z" 
14:49:53.640 INFO  [8],91,12098871,"2021-03-22T06:49:53.640Z" 
14:49:59.584 INFO  [8],93,12104871,"2021-03-22T06:49:59.584Z" 
14:50:02.601 INFO  [8],94,12107871,"2021-03-22T06:50:02.601Z" 
14:50:05.598 INFO  [8],95,12110871,"2021-03-22T06:50:05.598Z" 
14:50:11.600 INFO  [8],97,12116871,"2021-03-22T06:50:11.600Z" 
14:50:14.585 INFO  [8],98,12119871,"2021-03-22T06:50:14.585Z" 
14:50:17.708 INFO  [8],99,12122871,"2021-03-22T06:50:17.708Z" 
