14:25:05.087 INFO  [2],0,10610762,"2021-03-22T06:25:05.087Z" 
14:25:08.085 INFO  [2],1,10613761,"2021-03-22T06:25:08.085Z" 
14:25:11.096 INFO  [2],2,10616761,"2021-03-22T06:25:11.095Z" 
14:25:14.097 INFO  [2],3,10619761,"2021-03-22T06:25:14.097Z" 
14:25:17.101 INFO  [2],4,10622761,"2021-03-22T06:25:17.101Z" 
14:25:20.117 INFO  [2],5,10625761,"2021-03-22T06:25:20.117Z" 
14:25:23.109 INFO  [2],6,10628761,"2021-03-22T06:25:23.109Z" 
14:25:26.212 INFO  [2],7,10631761,"2021-03-22T06:25:26.212Z" 
14:25:32.148 INFO  [2],9,10637761,"2021-03-22T06:25:32.148Z" 
14:25:35.102 INFO  [2],10,10640761,"2021-03-22T06:25:35.102Z" 
14:25:38.116 INFO  [2],11,10643761,"2021-03-22T06:25:38.116Z" 
14:25:41.092 INFO  [2],12,10646761,"2021-03-22T06:25:41.092Z" 
14:25:44.089 INFO  [2],13,10649761,"2021-03-22T06:25:44.089Z" 
14:25:47.121 INFO  [2],14,10652761,"2021-03-22T06:25:47.121Z" 
14:25:50.086 INFO  [2],15,10655761,"2021-03-22T06:25:50.086Z" 
14:25:53.119 INFO  [2],16,10658761,"2021-03-22T06:25:53.119Z" 
14:25:56.090 INFO  [2],17,10661761,"2021-03-22T06:25:56.090Z" 
14:25:59.120 INFO  [2],18,10664761,"2021-03-22T06:25:59.120Z" 
14:26:02.100 INFO  [2],19,10667761,"2021-03-22T06:26:02.100Z" 
14:26:05.097 INFO  [2],20,10670761,"2021-03-22T06:26:05.097Z" 
14:26:08.108 INFO  [2],21,10673761,"2021-03-22T06:26:08.108Z" 
14:26:11.095 INFO  [2],22,10676761,"2021-03-22T06:26:11.095Z" 
14:26:14.134 INFO  [2],23,10679761,"2021-03-22T06:26:14.134Z" 
14:26:17.086 INFO  [2],24,10682761,"2021-03-22T06:26:17.086Z" 
14:26:20.092 INFO  [2],25,10685761,"2021-03-22T06:26:20.092Z" 
14:26:23.124 INFO  [2],26,10688761,"2021-03-22T06:26:23.124Z" 
14:26:26.085 INFO  [2],27,10691761,"2021-03-22T06:26:26.085Z" 
14:26:29.088 INFO  [2],28,10694761,"2021-03-22T06:26:29.088Z" 
14:26:32.098 INFO  [2],29,10697761,"2021-03-22T06:26:32.098Z" 
14:26:35.102 INFO  [2],30,10700761,"2021-03-22T06:26:35.102Z" 
14:26:38.104 INFO  [2],31,10703761,"2021-03-22T06:26:38.104Z" 
14:26:41.095 INFO  [2],32,10706761,"2021-03-22T06:26:41.095Z" 
14:26:44.104 INFO  [2],33,10709761,"2021-03-22T06:26:44.104Z" 
14:26:47.167 INFO  [2],34,10712761,"2021-03-22T06:26:47.167Z" 
14:26:50.174 INFO  [2],35,10715761,"2021-03-22T06:26:50.174Z" 
14:26:53.151 INFO  [2],36,10718761,"2021-03-22T06:26:53.151Z" 
14:26:56.138 INFO  [2],37,10721761,"2021-03-22T06:26:56.138Z" 
14:26:59.086 INFO  [2],38,10724761,"2021-03-22T06:26:59.086Z" 
14:27:02.116 INFO  [2],39,10727761,"2021-03-22T06:27:02.116Z" 
14:27:05.104 INFO  [2],40,10730761,"2021-03-22T06:27:05.104Z" 
14:27:08.170 INFO  [2],41,10733761,"2021-03-22T06:27:08.170Z" 
14:27:11.096 INFO  [2],42,10736761,"2021-03-22T06:27:11.096Z" 
14:27:14.118 INFO  [2],43,10739761,"2021-03-22T06:27:14.118Z" 
14:27:17.099 INFO  [2],44,10742761,"2021-03-22T06:27:17.099Z" 
14:27:20.086 INFO  [2],45,10745761,"2021-03-22T06:27:20.086Z" 
14:27:23.094 INFO  [2],46,10748761,"2021-03-22T06:27:23.094Z" 
14:27:26.098 INFO  [2],47,10751761,"2021-03-22T06:27:26.098Z" 
14:27:29.118 INFO  [2],48,10754761,"2021-03-22T06:27:29.118Z" 
14:27:32.145 INFO  [2],49,10757761,"2021-03-22T06:27:32.145Z" 
14:27:35.165 INFO  [2],50,10760761,"2021-03-22T06:27:35.165Z" 
14:27:38.146 INFO  [2],51,10763761,"2021-03-22T06:27:38.146Z" 
14:27:41.092 INFO  [2],52,10766761,"2021-03-22T06:27:41.092Z" 
14:27:44.085 INFO  [2],53,10769761,"2021-03-22T06:27:44.085Z" 
14:27:47.150 INFO  [2],54,10772761,"2021-03-22T06:27:47.150Z" 
14:27:50.087 INFO  [2],55,10775761,"2021-03-22T06:27:50.087Z" 
14:27:53.138 INFO  [2],56,10778761,"2021-03-22T06:27:53.138Z" 
14:27:56.095 INFO  [2],57,10781761,"2021-03-22T06:27:56.095Z" 
14:27:59.092 INFO  [2],58,10784761,"2021-03-22T06:27:59.092Z" 
14:28:02.088 INFO  [2],59,10787761,"2021-03-22T06:28:02.088Z" 
14:28:05.147 INFO  [2],60,10790761,"2021-03-22T06:28:05.147Z" 
14:28:08.111 INFO  [2],61,10793761,"2021-03-22T06:28:08.111Z" 
14:28:11.113 INFO  [2],62,10796761,"2021-03-22T06:28:11.113Z" 
14:28:14.126 INFO  [2],63,10799761,"2021-03-22T06:28:14.126Z" 
14:28:17.090 INFO  [2],64,10802761,"2021-03-22T06:28:17.090Z" 
14:28:20.105 INFO  [2],65,10805761,"2021-03-22T06:28:20.105Z" 
14:28:23.162 INFO  [2],66,10808761,"2021-03-22T06:28:23.162Z" 
14:28:26.128 INFO  [2],67,10811761,"2021-03-22T06:28:26.128Z" 
14:28:29.087 INFO  [2],68,10814761,"2021-03-22T06:28:29.087Z" 
14:28:32.109 INFO  [2],69,10817761,"2021-03-22T06:28:32.109Z" 
14:28:35.128 INFO  [2],70,10820761,"2021-03-22T06:28:35.128Z" 
14:28:38.087 INFO  [2],71,10823761,"2021-03-22T06:28:38.087Z" 
14:28:41.104 INFO  [2],72,10826761,"2021-03-22T06:28:41.104Z" 
14:28:44.086 INFO  [2],73,10829761,"2021-03-22T06:28:44.086Z" 
14:28:47.093 INFO  [2],74,10832761,"2021-03-22T06:28:47.093Z" 
14:28:50.091 INFO  [2],75,10835761,"2021-03-22T06:28:50.091Z" 
14:28:53.143 INFO  [2],76,10838761,"2021-03-22T06:28:53.143Z" 
14:28:56.101 INFO  [2],77,10841761,"2021-03-22T06:28:56.101Z" 
14:28:59.095 INFO  [2],78,10844761,"2021-03-22T06:28:59.095Z" 
14:29:02.148 INFO  [2],79,10847761,"2021-03-22T06:29:02.148Z" 
14:29:05.137 INFO  [2],80,10850761,"2021-03-22T06:29:05.137Z" 
14:29:08.139 INFO  [2],81,10853761,"2021-03-22T06:29:08.139Z" 
14:29:11.089 INFO  [2],82,10856761,"2021-03-22T06:29:11.089Z" 
14:29:14.120 INFO  [2],83,10859761,"2021-03-22T06:29:14.120Z" 
14:29:17.090 INFO  [2],84,10862761,"2021-03-22T06:29:17.090Z" 
14:29:23.087 INFO  [2],86,10868761,"2021-03-22T06:29:23.087Z" 
14:29:26.088 INFO  [2],87,10871761,"2021-03-22T06:29:26.088Z" 
14:29:29.126 INFO  [2],88,10874761,"2021-03-22T06:29:29.126Z" 
14:29:32.167 INFO  [2],89,10877761,"2021-03-22T06:29:32.167Z" 
14:29:35.091 INFO  [2],90,10880761,"2021-03-22T06:29:35.091Z" 
14:29:38.233 INFO  [2],91,10883761,"2021-03-22T06:29:38.232Z" 
14:29:41.116 INFO  [2],92,10886761,"2021-03-22T06:29:41.116Z" 
14:29:47.102 INFO  [2],94,10892761,"2021-03-22T06:29:47.102Z" 
14:29:50.094 INFO  [2],95,10895761,"2021-03-22T06:29:50.094Z" 
14:29:53.118 INFO  [2],96,10898761,"2021-03-22T06:29:53.118Z" 
14:29:56.086 INFO  [2],97,10901761,"2021-03-22T06:29:56.086Z" 
14:29:59.110 INFO  [2],98,10904761,"2021-03-22T06:29:59.110Z" 
14:30:02.088 INFO  [2],99,10907761,"2021-03-22T06:30:02.088Z" 
